2023-03-14 11:26:56,220 [INFO] ApplicationProperties:184 - Using Application install path: C:\ST\STM32CubeIDE_1.12.0\STM32CubeIDE\plugins\com.st.stm32cube.common.mx_6.8.0.202302231600
2023-03-14 11:26:56,273 [INFO] DbMcusXml:78 - Set database path to: C:\ST\STM32CubeIDE_1.12.0\STM32CubeIDE\plugins\com.st.stm32cube.common.mx_6.8.0.202302231600\\db\/mcu/
2023-03-14 11:26:56,274 [INFO] ApiDb:274 - Set plugin database path to: C:\ST\STM32CubeIDE_1.12.0\STM32CubeIDE\plugins\com.st.stm32cube.common.mx_6.8.0.202302231600\\db\/plugins/boardmanager/
2023-03-14 11:26:56,280 [WARN] ApiDb:259 - Overriding images path with different value:  => C:\ST\STM32CubeIDE_1.12.0\STM32CubeIDE\plugins\com.st.stm32cube.common.mx_6.8.0.202302231600\\db\/plugins/mcufinder/images/
2023-03-14 11:26:56,308 [INFO] ApiDb:250 - Set database path to: C:\Users\fcvaz\.stmcufinder\plugins\mcufinder//mcu/
2023-03-14 11:26:56,310 [INFO] DbMcusAds:125 - Set database path to: C:\Users\fcvaz\.stmcufinder\plugins\mcufinder//mcu/
2023-03-14 11:26:56,678 [INFO] CrossReferenceDbSqlite:203 - Set database path to: C:\Users\fcvaz\.stmcufinder\plugins\mcufinder//mcu/cs/
2023-03-14 11:26:56,947 [INFO] RulesReader:64 - Compatibility file has been processed (293 Rules)
2023-03-14 11:26:57,170 [INFO] DbMcusXml:78 - Set database path to: C:\ST\STM32CubeIDE_1.12.0\STM32CubeIDE\plugins\com.st.stm32cube.common.mx_6.8.0.202302231600\\db\/mcu/
2023-03-14 11:26:57,170 [INFO] ApiDb:274 - Set plugin database path to: C:\ST\STM32CubeIDE_1.12.0\STM32CubeIDE\plugins\com.st.stm32cube.common.mx_6.8.0.202302231600\\db\/plugins/boardmanager/
2023-03-14 11:26:57,170 [INFO] ApiDb:261 - Set plugin images path to: C:\ST\STM32CubeIDE_1.12.0\STM32CubeIDE\plugins\com.st.stm32cube.common.mx_6.8.0.202302231600\\db\/plugins/mcufinder/images/
2023-03-14 11:26:57,171 [WARN] DbFile:41 - Overriding database path with different value: C:\Users\fcvaz\.stmcufinder\plugins\mcufinder/ => C:\Users\fcvaz\.stmcufinder\plugins\mcufinder
2023-03-14 11:26:57,171 [INFO] ApiDb:250 - Set database path to: C:\Users\fcvaz\.stmcufinder\plugins\mcufinder//mcu/
2023-03-14 11:26:57,171 [WARN] DbFile:41 - Overriding database path with different value: C:\Users\fcvaz\.stmcufinder\plugins\mcufinder/ => C:\Users\fcvaz\.stmcufinder\plugins\mcufinder
2023-03-14 11:26:57,171 [INFO] DbMcusAds:125 - Set database path to: C:\Users\fcvaz\.stmcufinder\plugins\mcufinder//mcu/
2023-03-14 11:26:57,171 [WARN] DbFile:41 - Overriding database path with different value: C:\Users\fcvaz\.stmcufinder\plugins\mcufinder/ => C:\Users\fcvaz\.stmcufinder\plugins\mcufinder
2023-03-14 11:26:57,171 [WARN] DbFile:41 - Overriding database path with different value: C:\Users\fcvaz\.stmcufinder\plugins\mcufinder/ => C:\Users\fcvaz\.stmcufinder\plugins\mcufinder
2023-03-14 11:26:57,172 [INFO] CrossReferenceDbSqlite:203 - Set database path to: C:\Users\fcvaz\.stmcufinder\plugins\mcufinder//mcu/cs/
2023-03-14 11:26:57,322 [INFO] MainPanel:253 - HeapMemory: 304087040
2023-03-14 11:26:57,569 [INFO] DbMcusXml:78 - Set database path to: C:\ST\STM32CubeIDE_1.12.0\STM32CubeIDE\plugins\com.st.stm32cube.common.mx_6.8.0.202302231600\\db\/mcu/
2023-03-14 11:26:57,569 [INFO] ApiDb:274 - Set plugin database path to: C:\ST\STM32CubeIDE_1.12.0\STM32CubeIDE\plugins\com.st.stm32cube.common.mx_6.8.0.202302231600\\db\/plugins/boardmanager/
2023-03-14 11:26:57,569 [INFO] ApiDb:261 - Set plugin images path to: C:\ST\STM32CubeIDE_1.12.0\STM32CubeIDE\plugins\com.st.stm32cube.common.mx_6.8.0.202302231600\\db\/plugins/mcufinder/images/
2023-03-14 11:26:57,570 [WARN] DbFile:41 - Overriding database path with different value: C:\Users\fcvaz\.stmcufinder\plugins\mcufinder/ => C:\Users\fcvaz\.stmcufinder\plugins\mcufinder
2023-03-14 11:26:57,570 [INFO] ApiDb:250 - Set database path to: C:\Users\fcvaz\.stmcufinder\plugins\mcufinder//mcu/
2023-03-14 11:26:57,570 [WARN] DbFile:41 - Overriding database path with different value: C:\Users\fcvaz\.stmcufinder\plugins\mcufinder/ => C:\Users\fcvaz\.stmcufinder\plugins\mcufinder
2023-03-14 11:26:57,570 [INFO] DbMcusAds:125 - Set database path to: C:\Users\fcvaz\.stmcufinder\plugins\mcufinder//mcu/
2023-03-14 11:26:57,571 [WARN] DbFile:41 - Overriding database path with different value: C:\Users\fcvaz\.stmcufinder\plugins\mcufinder/ => C:\Users\fcvaz\.stmcufinder\plugins\mcufinder
2023-03-14 11:26:57,571 [WARN] DbFile:41 - Overriding database path with different value: C:\Users\fcvaz\.stmcufinder\plugins\mcufinder/ => C:\Users\fcvaz\.stmcufinder\plugins\mcufinder
2023-03-14 11:26:57,571 [INFO] CrossReferenceDbSqlite:203 - Set database path to: C:\Users\fcvaz\.stmcufinder\plugins\mcufinder//mcu/cs/
2023-03-14 11:26:57,667 [INFO] ApplicationProperties:184 - Using Application install path: C:\ST\STM32CubeIDE_1.12.0\STM32CubeIDE\plugins\com.st.stm32cube.common.mx_6.8.0.202302231600
2023-03-14 11:26:57,674 [INFO] PluginManage:196 - Search for loadable plugins [exclusion list=, ]
2023-03-14 11:26:57,678 [INFO] PluginManage:310 - Check plugin analytics
2023-03-14 11:26:58,040 [INFO] AnalyticsPlugin:253 - Accepted Software Licenses: 
2023-03-14 11:26:58,040 [INFO] AnalyticsPlugin:255 - Accepted CMSIS Pack Licenses: 
2023-03-14 11:26:58,040 [INFO] AnalyticsPlugin:257 - Accepted Firmware Licenses: 
2023-03-14 11:26:58,050 [INFO] PluginManage:359 - Loaded plugin analytics (category:tool,tabindex:-1)
2023-03-14 11:26:58,052 [INFO] PluginManage:310 - Check plugin cadmodel
2023-03-14 11:26:58,079 [INFO] CADModel:105 - Init CAD model plugin
2023-03-14 11:26:58,079 [INFO] PluginManage:359 - Loaded plugin cadmodel (category:power,tabindex:5)
2023-03-14 11:26:58,079 [INFO] PluginManage:310 - Check plugin clock
2023-03-14 11:26:58,101 [INFO] PluginManage:359 - Loaded plugin clock (category:base,tabindex:2)
2023-03-14 11:26:58,101 [INFO] PluginManage:310 - Check plugin ddr
2023-03-14 11:26:58,106 [INFO] PluginManage:359 - Loaded plugin ddr (category:tool,tabindex:6)
2023-03-14 11:26:58,106 [INFO] PluginManage:310 - Check plugin filemanager
2023-03-14 11:26:58,415 [INFO] PluginManage:359 - Loaded plugin filemanager (category:base,tabindex:10)
2023-03-14 11:26:58,416 [INFO] PluginManage:310 - Check plugin ipmanager
2023-03-14 11:26:58,436 [INFO] PluginManage:359 - Loaded plugin ipmanager (category:base,tabindex:5)
2023-03-14 11:26:58,436 [INFO] PluginManage:310 - Check plugin lpbam
2023-03-14 11:26:58,457 [INFO] PluginManage:359 - Loaded plugin lpbam (category:base,tabindex:0)
2023-03-14 11:26:58,457 [INFO] PluginManage:310 - Check plugin pinoutandconfiguration
2023-03-14 11:26:58,477 [INFO] PluginManage:359 - Loaded plugin pinoutandconfiguration (category:base,tabindex:1)
2023-03-14 11:26:58,477 [INFO] PluginManage:310 - Check plugin pinoutconfig
2023-03-14 11:26:58,630 [WARN] SupportedApi:132 - Cannot load RTOS API schema: s4s-elt-must-match.1: The content of 'definitions' must match (annotation?, (simpleType | complexType)?, (unique | key | keyref)*)). A problem was found starting at: attribute.
2023-03-14 11:26:58,941 [INFO] PluginManage:359 - Loaded plugin pinoutconfig (category:base,tabindex:0)
2023-03-14 11:26:58,941 [INFO] PluginManage:310 - Check plugin power
2023-03-14 11:26:59,026 [INFO] PluginManage:359 - Loaded plugin power (category:power,tabindex:4)
2023-03-14 11:26:59,026 [INFO] PluginManage:310 - Check plugin projectmanager
2023-03-14 11:26:59,058 [INFO] PluginManage:359 - Loaded plugin projectmanager (category:projectmanager,tabindex:3)
2023-03-14 11:26:59,058 [INFO] PluginManage:310 - Check plugin thirdparty
2023-03-14 11:26:59,314 [INFO] PluginManage:359 - Loaded plugin thirdparty (category:base,tabindex:-1)
2023-03-14 11:26:59,314 [INFO] PluginManage:310 - Check plugin tools
2023-03-14 11:26:59,314 [WARN] IntegrityCheckThread:84 - waiting for thirdparty lock release [integrity check]
2023-03-14 11:26:59,315 [INFO] IntegrityCheckThread:86 - entering critical section [integrity check]
2023-03-14 11:26:59,317 [INFO] ThirdPartyUpdaterWithRetryManager:70 - Updater plugin not ready yet. [1/15]
2023-03-14 11:26:59,319 [INFO] PluginManage:359 - Loaded plugin tools (category:base,tabindex:7)
2023-03-14 11:26:59,320 [INFO] PluginManage:310 - Check plugin tutovideos
2023-03-14 11:26:59,638 [INFO] PluginManage:359 - Loaded plugin tutovideos (category:base,tabindex:-1)
2023-03-14 11:26:59,638 [INFO] PluginManage:310 - Check plugin updater
2023-03-14 11:26:59,659 [INFO] PluginManage:359 - Loaded plugin updater (category:base,tabindex:12)
2023-03-14 11:26:59,661 [INFO] PluginManage:283 - PluginManage : Loaded plugins [15]
2023-03-14 11:27:00,260 [INFO] PinOutPanel:1499 - setPackage(No Configuration,No Configuration)
2023-03-14 11:27:00,420 [INFO] CADModel:165 - CPN selected for project level
2023-03-14 11:27:00,420 [INFO] CADModel:114 - Register for checkConnection events
2023-03-14 11:27:00,449 [INFO] IPUIPlugin:80 - create IPUIPlugin
2023-03-14 11:27:00,449 [INFO] PluginManager:220 - loadIPPluginJar : add adc
2023-03-14 11:27:00,455 [INFO] IPUIPlugin:80 - create IPUIPlugin
2023-03-14 11:27:00,455 [INFO] PluginManager:220 - loadIPPluginJar : add aes
2023-03-14 11:27:00,460 [INFO] IPUIPlugin:80 - create IPUIPlugin
2023-03-14 11:27:00,461 [INFO] PluginManager:220 - loadIPPluginJar : add can
2023-03-14 11:27:00,464 [INFO] IPUIPlugin:80 - create IPUIPlugin
2023-03-14 11:27:00,464 [INFO] PluginManager:220 - loadIPPluginJar : add comp
2023-03-14 11:27:00,470 [INFO] IPUIPlugin:80 - create IPUIPlugin
2023-03-14 11:27:00,471 [INFO] PluginManager:220 - loadIPPluginJar : add cryp
2023-03-14 11:27:00,474 [INFO] IPUIPlugin:80 - create IPUIPlugin
2023-03-14 11:27:00,475 [INFO] PluginManager:220 - loadIPPluginJar : add dfsdm
2023-03-14 11:27:00,486 [INFO] IPUIPlugin:80 - create IPUIPlugin
2023-03-14 11:27:00,487 [INFO] PluginManager:220 - loadIPPluginJar : add dma
2023-03-14 11:27:00,492 [INFO] IPUIPlugin:80 - create IPUIPlugin
2023-03-14 11:27:00,492 [INFO] PluginManager:220 - loadIPPluginJar : add dma3
2023-03-14 11:27:00,495 [INFO] IPUIPlugin:80 - create IPUIPlugin
2023-03-14 11:27:00,495 [INFO] PluginManager:220 - loadIPPluginJar : add fatfs
2023-03-14 11:27:00,505 [INFO] IPUIPlugin:80 - create IPUIPlugin
2023-03-14 11:27:00,506 [INFO] PluginManager:220 - loadIPPluginJar : add fmc
2023-03-14 11:27:00,515 [INFO] IPUIPlugin:80 - create IPUIPlugin
2023-03-14 11:27:00,516 [INFO] PluginManager:220 - loadIPPluginJar : add freertos
2023-03-14 11:27:00,520 [INFO] IPUIPlugin:80 - create IPUIPlugin
2023-03-14 11:27:00,521 [INFO] PluginManager:220 - loadIPPluginJar : add genericplugin
2023-03-14 11:27:00,525 [INFO] IPUIPlugin:80 - create IPUIPlugin
2023-03-14 11:27:00,525 [INFO] PluginManager:220 - loadIPPluginJar : add gfxmmu
2023-03-14 11:27:00,539 [INFO] IPUIPlugin:80 - create IPUIPlugin
2023-03-14 11:27:00,539 [INFO] PluginManager:220 - loadIPPluginJar : add gic
2023-03-14 11:27:00,548 [INFO] IPUIPlugin:80 - create IPUIPlugin
2023-03-14 11:27:00,549 [INFO] PluginManager:220 - loadIPPluginJar : add gpio
2023-03-14 11:27:00,556 [INFO] IPUIPlugin:80 - create IPUIPlugin
2023-03-14 11:27:00,556 [INFO] PluginManager:220 - loadIPPluginJar : add gtzc
2023-03-14 11:27:00,561 [INFO] IPUIPlugin:80 - create IPUIPlugin
2023-03-14 11:27:00,561 [INFO] PluginManager:220 - loadIPPluginJar : add hash
2023-03-14 11:27:00,567 [INFO] IPUIPlugin:80 - create IPUIPlugin
2023-03-14 11:27:00,567 [INFO] PluginManager:220 - loadIPPluginJar : add i2c
2023-03-14 11:27:00,574 [INFO] IPUIPlugin:80 - create IPUIPlugin
2023-03-14 11:27:00,574 [INFO] PluginManager:220 - loadIPPluginJar : add i2s
2023-03-14 11:27:00,581 [INFO] IPUIPlugin:80 - create IPUIPlugin
2023-03-14 11:27:00,581 [INFO] PluginManager:220 - loadIPPluginJar : add i3c
2023-03-14 11:27:00,588 [INFO] IPUIPlugin:80 - create IPUIPlugin
2023-03-14 11:27:00,588 [INFO] PluginManager:220 - loadIPPluginJar : add ipddr
2023-03-14 11:27:00,609 [INFO] IPUIPlugin:80 - create IPUIPlugin
2023-03-14 11:27:00,609 [INFO] PluginManager:220 - loadIPPluginJar : add linkedlist
2023-03-14 11:27:00,614 [INFO] IPUIPlugin:80 - create IPUIPlugin
2023-03-14 11:27:00,614 [INFO] PluginManager:220 - loadIPPluginJar : add lorawan
2023-03-14 11:27:00,619 [INFO] IPUIPlugin:80 - create IPUIPlugin
2023-03-14 11:27:00,619 [INFO] PluginManager:220 - loadIPPluginJar : add ltdc
2023-03-14 11:27:00,629 [INFO] IPUIPlugin:80 - create IPUIPlugin
2023-03-14 11:27:00,629 [INFO] PluginManager:220 - loadIPPluginJar : add mdma
2023-03-14 11:27:00,637 [INFO] IPUIPlugin:80 - create IPUIPlugin
2023-03-14 11:27:00,637 [INFO] PluginManager:220 - loadIPPluginJar : add nvic
2023-03-14 11:27:00,643 [INFO] IPUIPlugin:80 - create IPUIPlugin
2023-03-14 11:27:00,644 [INFO] PluginManager:220 - loadIPPluginJar : add opamp
2023-03-14 11:27:00,649 [INFO] IPUIPlugin:80 - create IPUIPlugin
2023-03-14 11:27:00,650 [INFO] PluginManager:220 - loadIPPluginJar : add openamp
2023-03-14 11:27:00,658 [INFO] IPUIPlugin:80 - create IPUIPlugin
2023-03-14 11:27:00,658 [INFO] PluginManager:220 - loadIPPluginJar : add pdm2pcm
2023-03-14 11:27:00,672 [INFO] IPUIPlugin:80 - create IPUIPlugin
2023-03-14 11:27:00,676 [INFO] PluginManager:220 - loadIPPluginJar : add plateformsettings
2023-03-14 11:27:00,679 [INFO] IPUIPlugin:80 - create IPUIPlugin
2023-03-14 11:27:00,679 [INFO] PluginManager:220 - loadIPPluginJar : add quadspi
2023-03-14 11:27:00,687 [INFO] IPUIPlugin:80 - create IPUIPlugin
2023-03-14 11:27:00,687 [INFO] PluginManager:220 - loadIPPluginJar : add resmgrutility
2023-03-14 11:27:00,693 [INFO] IPUIPlugin:80 - create IPUIPlugin
2023-03-14 11:27:00,693 [INFO] PluginManager:220 - loadIPPluginJar : add sai
2023-03-14 11:27:00,697 [INFO] IPUIPlugin:80 - create IPUIPlugin
2023-03-14 11:27:00,698 [INFO] PluginManager:220 - loadIPPluginJar : add spi
2023-03-14 11:27:00,708 [INFO] IPUIPlugin:80 - create IPUIPlugin
2023-03-14 11:27:00,708 [INFO] PluginManager:220 - loadIPPluginJar : add stm32_wpan
2023-03-14 11:27:00,712 [INFO] IPUIPlugin:80 - create IPUIPlugin
2023-03-14 11:27:00,712 [INFO] PluginManager:220 - loadIPPluginJar : add tim
2023-03-14 11:27:00,719 [INFO] IPUIPlugin:80 - create IPUIPlugin
2023-03-14 11:27:00,720 [INFO] PluginManager:220 - loadIPPluginJar : add touchsensing
2023-03-14 11:27:00,724 [INFO] IPUIPlugin:80 - create IPUIPlugin
2023-03-14 11:27:00,724 [INFO] PluginManager:220 - loadIPPluginJar : add tracer_emb
2023-03-14 11:27:00,728 [INFO] IPUIPlugin:80 - create IPUIPlugin
2023-03-14 11:27:00,728 [INFO] PluginManager:220 - loadIPPluginJar : add ts
2023-03-14 11:27:00,731 [INFO] IPUIPlugin:80 - create IPUIPlugin
2023-03-14 11:27:00,731 [INFO] PluginManager:220 - loadIPPluginJar : add tsc
2023-03-14 11:27:00,736 [INFO] IPUIPlugin:80 - create IPUIPlugin
2023-03-14 11:27:00,736 [INFO] PluginManager:220 - loadIPPluginJar : add ucpd
2023-03-14 11:27:00,741 [INFO] IPUIPlugin:80 - create IPUIPlugin
2023-03-14 11:27:00,742 [INFO] PluginManager:220 - loadIPPluginJar : add usart
2023-03-14 11:27:00,747 [INFO] IPUIPlugin:80 - create IPUIPlugin
2023-03-14 11:27:00,747 [INFO] PluginManager:220 - loadIPPluginJar : add usbx
2023-03-14 11:27:00,934 [INFO] CADModel:165 - CPN selected for project level
2023-03-14 11:27:00,935 [INFO] CADModel:114 - Register for checkConnection events
2023-03-14 11:27:00,935 [FATAL] Updater:308 - Updater called before beeing initialized
2023-03-14 11:27:00,935 [ERROR] CADModel:125 - Updater not yet initialized, retry later 
2023-03-14 11:27:01,232 [INFO] CADModel:165 - CPN selected for project level
2023-03-14 11:27:01,232 [INFO] CADModel:114 - Register for checkConnection events
2023-03-14 11:27:01,232 [FATAL] Updater:308 - Updater called before beeing initialized
2023-03-14 11:27:01,232 [ERROR] CADModel:125 - Updater not yet initialized, retry later 
2023-03-14 11:27:01,239 [FATAL] Updater:308 - Updater called before beeing initialized
2023-03-14 11:27:01,444 [FATAL] Updater:308 - Updater called before beeing initialized
2023-03-14 11:27:01,455 [INFO] DbMcusAds:53 - JSON generation date=Tue Mar 07 08:50:55 GMT 2023 (1678179055114)
2023-03-14 11:27:01,455 [FATAL] Updater:308 - Updater called before beeing initialized
2023-03-14 11:27:01,522 [WARN] DetailPanel:346 - Failed to get advertising image, set to default
2023-03-14 11:27:01,992 [FATAL] Updater:308 - Updater called before beeing initialized
2023-03-14 11:27:01,995 [FATAL] Updater:308 - Updater called before beeing initialized
2023-03-14 11:27:01,995 [FATAL] Updater:308 - Updater called before beeing initialized
2023-03-14 11:27:01,995 [WARN] DetailPanel:346 - Failed to get advertising image, set to default
2023-03-14 11:27:01,996 [FATAL] Updater:308 - Updater called before beeing initialized
2023-03-14 11:27:02,081 [ERROR] Updater:1120 - MainUpdater not yet initialized. External WinMGr cannot be set.
2023-03-14 11:27:02,086 [INFO] Updater:1056 - Updater Version found : 6.8.0
2023-03-14 11:27:02,119 [INFO] ApplicationProperties:184 - Using Application install path: C:\ST\STM32CubeIDE_1.12.0\STM32CubeIDE\plugins\com.st.stm32cube.common.mx_6.8.0.202302231600
2023-03-14 11:27:02,330 [INFO] ThirdPartyUpdaterWithRetryManager:70 - Updater plugin not ready yet. [2/15]
2023-03-14 11:27:02,413 [INFO] MainUpdater:2854 - connection check result : 10
2023-03-14 11:27:02,414 [INFO] MainUpdater:283 - Updater Check For Update Now.
2023-03-14 11:27:02,414 [INFO] MicroXplorer:498 - Change Database Version : DB.6.0.80
2023-03-14 11:27:02,629 [INFO] CheckServerUpdateThread:120 - End of CheckServer Thread
2023-03-14 11:27:02,668 [INFO] MainUpdater:2854 - connection check result : 10
2023-03-14 11:27:03,833 [INFO] ApiDb:581 - Connected to CubeFinder SQLite database (C:\Users\fcvaz\.stmcufinder\plugins\mcufinder\mcu\cube-finder-db.db)
2023-03-14 11:27:04,385 [INFO] ApiDb:668 - CubeFinder database Data Model version=2.1
2023-03-14 11:27:04,385 [INFO] ApiDb:669 - CubeFinder database Configuration version=3.0.35
2023-03-14 11:27:04,386 [INFO] ApiDb:670 - CubeFinder database generation date=2023-02-21 (1676964986)
2023-03-14 11:27:04,386 [INFO] ApiDb:671 - CubeFinder database FW Pack versions=[FP-ATR-ASTRA1_V1.1.1, STM32Cube_FW_C0_V1.0.1, STM32Cube_FW_F0_V1.11.4, STM32Cube_FW_F3_V1.11.4, STM32Cube_FW_F4_V1.27.1, STM32Cube_FW_F7_V1.17.0, STM32Cube_FW_G0_V1.6.1, STM32Cube_FW_G4_V1.5.1, STM32Cube_FW_H5_V0.5.1, STM32Cube_FW_H5_V1.0.0, STM32Cube_FW_H7_V1.11.0, STM32Cube_FW_L0_V1.12.2, STM32Cube_FW_L5_V1.5.0, STM32Cube_FW_U5_V1.2.0, STM32Cube_FW_WBA_V1.0.0, STM32Cube_FW_WBA_V1.0.0RC1, STM32Cube_FW_WBA_V1.0.0RC3, STM32Cube_FW_WB_V1.15.0RC1, STM32Cube_FW_WB_V1.16.0, STM32Cube_FW_WB_V1.16.0RC2, STM32Cube_FW_WL_V1.3.0, X-CUBE-ALGOBUILD_V1.3.0, X-CUBE-ALS_V1.0.1, X-CUBE-AZRTOS-F4_V1.1.0, X-CUBE-AZRTOS-F7_V1.1.0, X-CUBE-AZRTOS-G0_V1.1.0, X-CUBE-AZRTOS-G4_V1.0.0, X-CUBE-AZRTOS-H7_V3.0.0, X-CUBE-AZRTOS-L4_V1.0.0, X-CUBE-AZRTOS-L5_V1.1.0, X-CUBE-AZRTOS-WB_V1.1.0, X-CUBE-AZRTOS-WL_V1.0.0, X-CUBE-BLE1_V6.2.4, X-CUBE-BLE2_V3.3.0, X-CUBE-BLEMGR_V1.3.0, X-CUBE-EEPRMA1_V4.1.0, X-CUBE-GNSS1_V6.0.0, X-CUBE-MEMS1_V9.1.0, X-CUBE-MEMS1_V9.4.0, X-CUBE-MEMS1_V9.5.0, X-CUBE-NFC4_V3.0.0, X-CUBE-NFC7_V1.0.0, X-CUBE-SFXS2LP1_V4.0.0, X-CUBE-SUBG2_V5.0.0]
2023-03-14 11:27:04,780 [INFO] DbBoardsSqlite:226 - include board P-NUCLEO-WB55-NUCLEO as a kit item of type 'Nucleo-64'
2023-03-14 11:27:04,781 [INFO] DbBoardsSqlite:226 - include board P-NUCLEO-WB55-USBDONGLE as a kit item of type 'Nucleo USB Dongle'
2023-03-14 11:27:04,782 [INFO] DbBoardsSqlite:226 - include board STEVAL-IDP005V1 as a kit item of type 'Evaluation Board'
2023-03-14 11:27:04,783 [INFO] DbBoardsSqlite:226 - include board STEVAL-IDP005V2 as a kit item of type 'Evaluation Board'
2023-03-14 11:27:05,894 [WARN] PackLoader:240 - Cannot read IP mode file for STMicroelectronics.X-CUBE-GNSS1.6.0.0
2023-03-14 11:27:05,991 [WARN] PackLoader:240 - Cannot read IP mode file for STMicroelectronics.X-CUBE-AZRTOS-F4.1.1.0
2023-03-14 11:27:06,214 [WARN] PackLoader:240 - Cannot read IP mode file for STMicroelectronics.X-CUBE-AZRTOS-F7.1.1.0
2023-03-14 11:27:06,243 [WARN] PackLoader:240 - Cannot read IP mode file for STMicroelectronics.X-CUBE-BLE1.6.2.4
2023-03-14 11:27:06,339 [WARN] PackLoader:240 - Cannot read IP mode file for emotas.I-CUBE-CANOPEN.1.1.3
2023-03-14 11:27:06,387 [WARN] PackLoader:240 - Cannot read IP mode file for STMicroelectronics.X-CUBE-BLEMGR.2.0.0
2023-03-14 11:27:06,444 [WARN] PackLoader:240 - Cannot read IP mode file for STMicroelectronics.X-CUBE-DISPLAY.3.0.0
2023-03-14 11:27:06,512 [WARN] PackLoader:240 - Cannot read IP mode file for wolfSSL.I-CUBE-wolfSSL.5.5.4
2023-03-14 11:27:06,550 [WARN] PackLoader:240 - Cannot read IP mode file for STMicroelectronics.X-CUBE-NFC7.1.0.0
2023-03-14 11:27:06,629 [WARN] PackLoader:240 - Cannot read IP mode file for STMicroelectronics.X-CUBE-EEPRMA1.4.1.0
2023-03-14 11:27:06,712 [WARN] PackLoader:240 - Cannot read IP mode file for WES.I-CUBE-Cesium.1.3.0
2023-03-14 11:27:06,747 [WARN] PackLoader:240 - Cannot read IP mode file for STMicroelectronics.X-CUBE-SFXS2LP1.4.0.0
2023-03-14 11:27:06,771 [WARN] PackLoader:240 - Cannot read IP mode file for STMicroelectronics.X-CUBE-BLE2.3.3.0
2023-03-14 11:27:06,813 [WARN] PackLoader:240 - Cannot read IP mode file for STMicroelectronics.X-CUBE-TOF1.3.2.0
2023-03-14 11:27:06,931 [WARN] PackLoader:240 - Cannot read IP mode file for STMicroelectronics.X-CUBE-AZRTOS-H7.3.0.0
2023-03-14 11:27:06,991 [WARN] PackLoader:240 - Cannot read IP mode file for STMicroelectronics.X-CUBE-ISPU.1.1.0
2023-03-14 11:27:07,041 [WARN] PackLoader:240 - Cannot read IP mode file for RoweBots.I-CUBE-UNISONRTOS.5.5.0-4
2023-03-14 11:27:07,062 [WARN] PackLoader:240 - Cannot read IP mode file for STMicroelectronics.X-CUBE-AI.8.0.0
2023-03-14 11:27:07,067 [INFO] ApiDb:240 - Found 297 in-development CPN: [B-G473E-ZEST1S, B-WB1M-WPAN1, B-WL5M-SUBG1, NUCLEO-C031C6, NUCLEO-H503RB, NUCLEO-H563ZI, NUCLEO-U545RE-Q, NUCLEO-U5A5ZJ-Q, NUCLEO-WBA52CG, STEVAL-PROTEUS1, STEVAL-STWINBX1, STM320518-EVAL, STM32C0116-DK, STM32C011D6Y3TR, STM32C011D6Y6TR, STM32C011F4P3, STM32C011F4P6, STM32C011F4U3, STM32C011F4U6TR, STM32C011F6P3, STM32C011F6P6, STM32C011F6U3, STM32C011F6U6TR, STM32C011J4M3, STM32C011J4M6, STM32C011J6M3, STM32C011J6M6, STM32C0316-DK, STM32C031C4T3, STM32C031C4T6, STM32C031C4U3, STM32C031C4U6, STM32C031C6T3, STM32C031C6T6, STM32C031C6U3, STM32C031C6U6, STM32C031F4P3, STM32C031F4P6, STM32C031F6P3, STM32C031F6P6, STM32C031G4U3, STM32C031G4U6, STM32C031G6U3, STM32C031G6U6, STM32C031K4T3, STM32C031K4T6, STM32C031K4U3, STM32C031K4U6, STM32C031K6T3, STM32C031K6T6, STM32C031K6U3, STM32C031K6U6, STM32G071K8TXN, STM32G071K8UXN, STM32G081GBU6N, STM32G081KBT6N, STM32G081KBUXN, STM32G0B1CCT6N, STM32G0B1KCT6, STM32G0B1NEY6TR, STM32G0B1RCT6N, STM32G0C1CCT6, STM32G0C1CCT6N, STM32G0C1CCU6N, STM32G0C1CET6N, STM32G0C1CEU6N, STM32G0C1KCT6, STM32G0C1NEY6TR, STM32G0C1RCI6N, STM32G0C1RCT6N, STM32G0C1REI6N, STM32G0C1RET6N, STM32G0C1VCI6, STM32G0C1VEI6, STM32G471CCT6, STM32G471CCU6, STM32G471CET3, STM32G471CET6, STM32G471CEU3, STM32G471CEU6, STM32G471MCT6, STM32G471MET3, STM32G471MET6, STM32G471MEY6TR, STM32G471QCT6, STM32G471QET3, STM32G471RCT6, STM32G471RET3, STM32G471RET6, STM32G471VCH6, STM32G471VCI6, STM32G471VCT6, STM32G471VEH3, STM32G471VEH6, STM32G471VEI3, STM32G471VEI6, STM32G471VET3, STM32G471VET6, STM32G474CCT6, STM32H503CBT6, STM32H503CBU6, STM32H503EBY6TR, STM32H503KBU6, STM32H503RBT6, STM32H562AGI6, STM32H562AII6, STM32H562IGK6, STM32H562IGT6, STM32H562IIK6, STM32H562IIT6, STM32H562RGT6, STM32H562RGV6, STM32H562RIT6, STM32H562RIV6, STM32H562VGT6, STM32H562VIT6, STM32H562ZGT6, STM32H562ZIT6, STM32H563AGI6, STM32H563AII3Q, STM32H563AII6, STM32H563IGK6, STM32H563IGT6, STM32H563IIK3Q, STM32H563IIK6, STM32H563IIT3Q, STM32H563IIT6, STM32H563MIY3QTR, STM32H563RGT6, STM32H563RGV6, STM32H563RIT6, STM32H563RIV6, STM32H563VGT6, STM32H563VIT3Q, STM32H563VIT6, STM32H563ZGT6, STM32H563ZIT3Q, STM32H563ZIT6, STM32H573AII3Q, STM32H573AII6, STM32H573I-DK, STM32H573IIK3Q, STM32H573IIK6, STM32H573IIT3Q, STM32H573IIT6, STM32H573MIY3QTR, STM32H573RIT6, STM32H573RIV6, STM32H573VIT3Q, STM32H573VIT6, STM32H573ZIT3Q, STM32H573ZIT6, STM32L4R5QGI6STR, STM32MP131AAE3, STM32MP131AAF3, STM32MP131AAG3, STM32MP131CAE3, STM32MP131CAF3, STM32MP131CAG3, STM32MP131DAE7, STM32MP131DAF7, STM32MP131DAG7, STM32MP131FAE7, STM32MP131FAF7, STM32MP131FAG7, STM32MP133AAE3, STM32MP133AAF3, STM32MP133AAG3, STM32MP133CAE3, STM32MP133CAF3, STM32MP133CAG3, STM32MP133DAE7, STM32MP133DAF7, STM32MP133DAG7, STM32MP133FAE7, STM32MP133FAF7, STM32MP133FAG7, STM32MP135AAE3, STM32MP135AAF3, STM32MP135AAG3, STM32MP135CAE3, STM32MP135CAF3, STM32MP135CAG3, STM32MP135DAE7, STM32MP135DAF7, STM32MP135DAG7, STM32MP135F-DK, STM32MP135FAE7, STM32MP135FAF7, STM32MP135FAF7T, STM32MP135FAF7U, STM32MP135FAG7, STM32U535CBT6, STM32U535CBT6Q, STM32U535CBU6, STM32U535CBU6Q, STM32U535CCT6, STM32U535CCT6Q, STM32U535CCU6, STM32U535CCU6Q, STM32U535CET6, STM32U535CET6Q, STM32U535CEU6, STM32U535CEU6Q, STM32U535JEY6QTR, STM32U535NCY6QTR, STM32U535NEY6QTR, STM32U535RBI6, STM32U535RBI6Q, STM32U535RBT6, STM32U535RBT6Q, STM32U535RCI6, STM32U535RCI6Q, STM32U535RCT6, STM32U535RCT6Q, STM32U535REI6, STM32U535REI6Q, STM32U535RET6, STM32U535RET6Q, STM32U535VCI6, STM32U535VCI6Q, STM32U535VCT6, STM32U535VCT6Q, STM32U535VEI6, STM32U535VEI6Q, STM32U535VET6, STM32U535VET6Q, STM32U545CET6, STM32U545CET6Q, STM32U545CEU6, STM32U545CEU6Q, STM32U545JEY6QTR, STM32U545NEY6QTR, STM32U545REI6, STM32U545REI6Q, STM32U545RET6, STM32U545RET6Q, STM32U545VEI6, STM32U545VEI6Q, STM32U545VET6, STM32U545VET6Q, STM32U595AIH6, STM32U595AIH6Q, STM32U595AJH6, STM32U595AJH6Q, STM32U595QII6, STM32U595QII6Q, STM32U595QJI6, STM32U595QJI6Q, STM32U595RIT6, STM32U595RIT6Q, STM32U595RJT6, STM32U595RJT6Q, STM32U595VIT6, STM32U595VIT6Q, STM32U595VJT6, STM32U595VJT6Q, STM32U595ZIT6, STM32U595ZIT6Q, STM32U595ZIY6QTR, STM32U595ZJT6, STM32U595ZJT6Q, STM32U595ZJY6QTR, STM32U599BJY6QTR, STM32U599NIH6Q, STM32U599NJH6Q, STM32U599VIT6Q, STM32U599VJT6, STM32U599VJT6Q, STM32U599ZIT6Q, STM32U599ZIY6QTR, STM32U599ZJT6Q, STM32U599ZJY6QTR, STM32U5A5AJH6, STM32U5A5AJH6Q, STM32U5A5QJI6, STM32U5A5QJI6Q, STM32U5A5RJT6, STM32U5A5RJT6Q, STM32U5A5VJT6, STM32U5A5VJT6Q, STM32U5A5ZJT6, STM32U5A5ZJT6Q, STM32U5A5ZJY6QTR, STM32U5A9BJY6QTR, STM32U5A9J-DK, STM32U5A9NJH6Q, STM32U5A9VJT6Q, STM32U5A9ZJT6Q, STM32U5A9ZJY6QTR, STM32WB1MMCH6, STM32WBA52CEU6, STM32WBA52CEU6T, STM32WBA52CGU6, STM32WBA52CGU6T, STM32WL5MOCH6, STM32WL5MOCH6TR]
2023-03-14 11:27:07,091 [WARN] PackLoader:240 - Cannot read IP mode file for STMicroelectronics.X-CUBE-FREERTOS.1.0.0
2023-03-14 11:27:07,122 [WARN] PackLoader:240 - Cannot read IP mode file for STMicroelectronics.X-CUBE-TOUCHGFX.4.21.1
2023-03-14 11:27:07,149 [WARN] PackLoader:240 - Cannot read IP mode file for STMicroelectronics.X-CUBE-ALGOBUILD.1.3.0
2023-03-14 11:27:07,201 [WARN] PackLoader:240 - Cannot read IP mode file for STMicroelectronics.X-CUBE-AZRTOS-L5.1.1.0
2023-03-14 11:27:07,318 [WARN] PackLoader:240 - Cannot read IP mode file for STMicroelectronics.X-CUBE-AZRTOS-G0.1.1.0
2023-03-14 11:27:07,367 [WARN] PackLoader:240 - Cannot read IP mode file for STMicroelectronics.X-CUBE-SUBG2.5.0.0
2023-03-14 11:27:07,401 [WARN] PackLoader:240 - Cannot read IP mode file for STMicroelectronics.X-CUBE-NFC4.3.0.0
2023-03-14 11:27:07,420 [WARN] PackLoader:240 - Cannot read IP mode file for STMicroelectronics.FP-ATR-ASTRA1.1.1.1
2023-03-14 11:27:07,495 [WARN] PackLoader:240 - Cannot read IP mode file for STMicroelectronics.X-CUBE-AZRTOS-G4.1.0.0
2023-03-14 11:27:07,512 [WARN] PackLoader:240 - Cannot read IP mode file for STMicroelectronics.FP-ATR-SIGFOX1.3.2.0
2023-03-14 11:27:07,546 [WARN] PackLoader:240 - Cannot read IP mode file for STMicroelectronics.X-CUBE-AZRTOS-L4.1.0.0
2023-03-14 11:27:07,575 [WARN] PackLoader:240 - Cannot read IP mode file for STMicroelectronics.X-CUBE-AZRTOS-WL.1.0.0
2023-03-14 11:27:07,581 [INFO] BoardInfo:880 - No configuration file found for board P-NUCLEO-WB55
2023-03-14 11:27:07,582 [INFO] DbBoards:157 - Kit is not supported: P-NUCLEO-WB55
2023-03-14 11:27:07,596 [WARN] PackLoader:240 - Cannot read IP mode file for portGmbH.I-Cube-SoM-uGOAL.1.1.0
2023-03-14 11:27:07,596 [INFO] BoardInfo:880 - No configuration file found for board STEVAL-BFA001V1B
2023-03-14 11:27:07,597 [INFO] DbBoards:157 - Kit is not supported: STEVAL-BFA001V1B
2023-03-14 11:27:07,599 [INFO] BoardInfo:880 - No configuration file found for board STEVAL-BFA001V2B
2023-03-14 11:27:07,599 [INFO] DbBoards:157 - Kit is not supported: STEVAL-BFA001V2B
2023-03-14 11:27:07,608 [WARN] PackLoader:240 - Cannot read IP mode file for STMicroelectronics.X-CUBE-ALS.1.0.1
2023-03-14 11:27:07,695 [WARN] PackLoader:240 - Cannot read IP mode file for STMicroelectronics.X-CUBE-MEMS1.9.5.0
2023-03-14 11:27:07,935 [INFO] DbBoards:161 - Found 187 boards, 184 are supported
2023-03-14 11:27:07,945 [INFO] ApiDb:668 - CubeFinder database Data Model version=2.1
2023-03-14 11:27:07,945 [INFO] ApiDb:669 - CubeFinder database Configuration version=3.0.35
2023-03-14 11:27:07,945 [INFO] ApiDb:670 - CubeFinder database generation date=2023-02-21 (1676964986)
2023-03-14 11:27:07,945 [INFO] ApiDb:671 - CubeFinder database FW Pack versions=[FP-ATR-ASTRA1_V1.1.1, STM32Cube_FW_C0_V1.0.1, STM32Cube_FW_F0_V1.11.4, STM32Cube_FW_F3_V1.11.4, STM32Cube_FW_F4_V1.27.1, STM32Cube_FW_F7_V1.17.0, STM32Cube_FW_G0_V1.6.1, STM32Cube_FW_G4_V1.5.1, STM32Cube_FW_H5_V0.5.1, STM32Cube_FW_H5_V1.0.0, STM32Cube_FW_H7_V1.11.0, STM32Cube_FW_L0_V1.12.2, STM32Cube_FW_L5_V1.5.0, STM32Cube_FW_U5_V1.2.0, STM32Cube_FW_WBA_V1.0.0, STM32Cube_FW_WBA_V1.0.0RC1, STM32Cube_FW_WBA_V1.0.0RC3, STM32Cube_FW_WB_V1.15.0RC1, STM32Cube_FW_WB_V1.16.0, STM32Cube_FW_WB_V1.16.0RC2, STM32Cube_FW_WL_V1.3.0, X-CUBE-ALGOBUILD_V1.3.0, X-CUBE-ALS_V1.0.1, X-CUBE-AZRTOS-F4_V1.1.0, X-CUBE-AZRTOS-F7_V1.1.0, X-CUBE-AZRTOS-G0_V1.1.0, X-CUBE-AZRTOS-G4_V1.0.0, X-CUBE-AZRTOS-H7_V3.0.0, X-CUBE-AZRTOS-L4_V1.0.0, X-CUBE-AZRTOS-L5_V1.1.0, X-CUBE-AZRTOS-WB_V1.1.0, X-CUBE-AZRTOS-WL_V1.0.0, X-CUBE-BLE1_V6.2.4, X-CUBE-BLE2_V3.3.0, X-CUBE-BLEMGR_V1.3.0, X-CUBE-EEPRMA1_V4.1.0, X-CUBE-GNSS1_V6.0.0, X-CUBE-MEMS1_V9.1.0, X-CUBE-MEMS1_V9.4.0, X-CUBE-MEMS1_V9.5.0, X-CUBE-NFC4_V3.0.0, X-CUBE-NFC7_V1.0.0, X-CUBE-SFXS2LP1_V4.0.0, X-CUBE-SUBG2_V5.0.0]
2023-03-14 11:27:08,099 [WARN] PackLoader:240 - Cannot read IP mode file for STMicroelectronics.X-CUBE-AZRTOS-WB.1.1.0
2023-03-14 11:27:08,158 [WARN] PackLoader:240 - Cannot read IP mode file for SEGGER.I-CUBE-embOS.1.3.1
2023-03-14 11:27:08,215 [INFO] ThirdParty:978 - Integrity check success = true
2023-03-14 11:27:08,215 [INFO] IntegrityCheckThread:100 - exiting critical section [integrity check]
2023-03-14 11:27:08,215 [INFO] IntegrityCheckThread:103 - End integrity checks thread
2023-03-14 11:27:10,481 [INFO] ApiDb:240 - Found 297 in-development CPN: [B-G473E-ZEST1S, B-WB1M-WPAN1, B-WL5M-SUBG1, NUCLEO-C031C6, NUCLEO-H503RB, NUCLEO-H563ZI, NUCLEO-U545RE-Q, NUCLEO-U5A5ZJ-Q, NUCLEO-WBA52CG, STEVAL-PROTEUS1, STEVAL-STWINBX1, STM320518-EVAL, STM32C0116-DK, STM32C011D6Y3TR, STM32C011D6Y6TR, STM32C011F4P3, STM32C011F4P6, STM32C011F4U3, STM32C011F4U6TR, STM32C011F6P3, STM32C011F6P6, STM32C011F6U3, STM32C011F6U6TR, STM32C011J4M3, STM32C011J4M6, STM32C011J6M3, STM32C011J6M6, STM32C0316-DK, STM32C031C4T3, STM32C031C4T6, STM32C031C4U3, STM32C031C4U6, STM32C031C6T3, STM32C031C6T6, STM32C031C6U3, STM32C031C6U6, STM32C031F4P3, STM32C031F4P6, STM32C031F6P3, STM32C031F6P6, STM32C031G4U3, STM32C031G4U6, STM32C031G6U3, STM32C031G6U6, STM32C031K4T3, STM32C031K4T6, STM32C031K4U3, STM32C031K4U6, STM32C031K6T3, STM32C031K6T6, STM32C031K6U3, STM32C031K6U6, STM32G071K8TXN, STM32G071K8UXN, STM32G081GBU6N, STM32G081KBT6N, STM32G081KBUXN, STM32G0B1CCT6N, STM32G0B1KCT6, STM32G0B1NEY6TR, STM32G0B1RCT6N, STM32G0C1CCT6, STM32G0C1CCT6N, STM32G0C1CCU6N, STM32G0C1CET6N, STM32G0C1CEU6N, STM32G0C1KCT6, STM32G0C1NEY6TR, STM32G0C1RCI6N, STM32G0C1RCT6N, STM32G0C1REI6N, STM32G0C1RET6N, STM32G0C1VCI6, STM32G0C1VEI6, STM32G471CCT6, STM32G471CCU6, STM32G471CET3, STM32G471CET6, STM32G471CEU3, STM32G471CEU6, STM32G471MCT6, STM32G471MET3, STM32G471MET6, STM32G471MEY6TR, STM32G471QCT6, STM32G471QET3, STM32G471RCT6, STM32G471RET3, STM32G471RET6, STM32G471VCH6, STM32G471VCI6, STM32G471VCT6, STM32G471VEH3, STM32G471VEH6, STM32G471VEI3, STM32G471VEI6, STM32G471VET3, STM32G471VET6, STM32G474CCT6, STM32H503CBT6, STM32H503CBU6, STM32H503EBY6TR, STM32H503KBU6, STM32H503RBT6, STM32H562AGI6, STM32H562AII6, STM32H562IGK6, STM32H562IGT6, STM32H562IIK6, STM32H562IIT6, STM32H562RGT6, STM32H562RGV6, STM32H562RIT6, STM32H562RIV6, STM32H562VGT6, STM32H562VIT6, STM32H562ZGT6, STM32H562ZIT6, STM32H563AGI6, STM32H563AII3Q, STM32H563AII6, STM32H563IGK6, STM32H563IGT6, STM32H563IIK3Q, STM32H563IIK6, STM32H563IIT3Q, STM32H563IIT6, STM32H563MIY3QTR, STM32H563RGT6, STM32H563RGV6, STM32H563RIT6, STM32H563RIV6, STM32H563VGT6, STM32H563VIT3Q, STM32H563VIT6, STM32H563ZGT6, STM32H563ZIT3Q, STM32H563ZIT6, STM32H573AII3Q, STM32H573AII6, STM32H573I-DK, STM32H573IIK3Q, STM32H573IIK6, STM32H573IIT3Q, STM32H573IIT6, STM32H573MIY3QTR, STM32H573RIT6, STM32H573RIV6, STM32H573VIT3Q, STM32H573VIT6, STM32H573ZIT3Q, STM32H573ZIT6, STM32L4R5QGI6STR, STM32MP131AAE3, STM32MP131AAF3, STM32MP131AAG3, STM32MP131CAE3, STM32MP131CAF3, STM32MP131CAG3, STM32MP131DAE7, STM32MP131DAF7, STM32MP131DAG7, STM32MP131FAE7, STM32MP131FAF7, STM32MP131FAG7, STM32MP133AAE3, STM32MP133AAF3, STM32MP133AAG3, STM32MP133CAE3, STM32MP133CAF3, STM32MP133CAG3, STM32MP133DAE7, STM32MP133DAF7, STM32MP133DAG7, STM32MP133FAE7, STM32MP133FAF7, STM32MP133FAG7, STM32MP135AAE3, STM32MP135AAF3, STM32MP135AAG3, STM32MP135CAE3, STM32MP135CAF3, STM32MP135CAG3, STM32MP135DAE7, STM32MP135DAF7, STM32MP135DAG7, STM32MP135F-DK, STM32MP135FAE7, STM32MP135FAF7, STM32MP135FAF7T, STM32MP135FAF7U, STM32MP135FAG7, STM32U535CBT6, STM32U535CBT6Q, STM32U535CBU6, STM32U535CBU6Q, STM32U535CCT6, STM32U535CCT6Q, STM32U535CCU6, STM32U535CCU6Q, STM32U535CET6, STM32U535CET6Q, STM32U535CEU6, STM32U535CEU6Q, STM32U535JEY6QTR, STM32U535NCY6QTR, STM32U535NEY6QTR, STM32U535RBI6, STM32U535RBI6Q, STM32U535RBT6, STM32U535RBT6Q, STM32U535RCI6, STM32U535RCI6Q, STM32U535RCT6, STM32U535RCT6Q, STM32U535REI6, STM32U535REI6Q, STM32U535RET6, STM32U535RET6Q, STM32U535VCI6, STM32U535VCI6Q, STM32U535VCT6, STM32U535VCT6Q, STM32U535VEI6, STM32U535VEI6Q, STM32U535VET6, STM32U535VET6Q, STM32U545CET6, STM32U545CET6Q, STM32U545CEU6, STM32U545CEU6Q, STM32U545JEY6QTR, STM32U545NEY6QTR, STM32U545REI6, STM32U545REI6Q, STM32U545RET6, STM32U545RET6Q, STM32U545VEI6, STM32U545VEI6Q, STM32U545VET6, STM32U545VET6Q, STM32U595AIH6, STM32U595AIH6Q, STM32U595AJH6, STM32U595AJH6Q, STM32U595QII6, STM32U595QII6Q, STM32U595QJI6, STM32U595QJI6Q, STM32U595RIT6, STM32U595RIT6Q, STM32U595RJT6, STM32U595RJT6Q, STM32U595VIT6, STM32U595VIT6Q, STM32U595VJT6, STM32U595VJT6Q, STM32U595ZIT6, STM32U595ZIT6Q, STM32U595ZIY6QTR, STM32U595ZJT6, STM32U595ZJT6Q, STM32U595ZJY6QTR, STM32U599BJY6QTR, STM32U599NIH6Q, STM32U599NJH6Q, STM32U599VIT6Q, STM32U599VJT6, STM32U599VJT6Q, STM32U599ZIT6Q, STM32U599ZIY6QTR, STM32U599ZJT6Q, STM32U599ZJY6QTR, STM32U5A5AJH6, STM32U5A5AJH6Q, STM32U5A5QJI6, STM32U5A5QJI6Q, STM32U5A5RJT6, STM32U5A5RJT6Q, STM32U5A5VJT6, STM32U5A5VJT6Q, STM32U5A5ZJT6, STM32U5A5ZJT6Q, STM32U5A5ZJY6QTR, STM32U5A9BJY6QTR, STM32U5A9J-DK, STM32U5A9NJH6Q, STM32U5A9VJT6Q, STM32U5A9ZJT6Q, STM32U5A9ZJY6QTR, STM32WB1MMCH6, STM32WBA52CEU6, STM32WBA52CEU6T, STM32WBA52CGU6, STM32WBA52CGU6T, STM32WL5MOCH6, STM32WL5MOCH6TR]
2023-03-14 11:27:10,484 [INFO] DbMcus:216 - Found 3772 MCUs, 3772 are supported
2023-03-14 11:27:10,489 [INFO] ApiDb:423 - Load user favorites file C:\Users\fcvaz/.stm32cubeide/favorites.mcus.txt: 0 item(s)
2023-03-14 11:27:10,489 [INFO] ApiDb:427 - User favorites MCUs=[]
2023-03-14 11:27:10,489 [INFO] DbMcus:222 - Set 0 / 0 favorites MCUs
2023-03-14 11:27:10,708 [INFO] ApiDb:423 - Load user favorites file C:\Users\fcvaz/.stm32cubeide/favorites.boards.txt: 0 item(s)
2023-03-14 11:27:10,708 [INFO] ApiDb:427 - User favorites Boards=[]
2023-03-14 11:27:10,708 [INFO] DbBoards:190 - Set 0 / 0 favorites Boards
2023-03-14 11:27:10,708 [INFO] McuFinderGlobals:66 - Set McuFinderConnectedMode to true
2023-03-14 11:27:10,717 [INFO] MultiScanPanel:200 - Auto-refresh data requested => check proxy status ongoing
2023-03-14 11:27:10,724 [INFO] FinderPluginLoader:95 - Searching for filters in installed packs
2023-03-14 11:27:12,616 [INFO] LoadUrlFilesThread:185 - End of LoadServerUrlFiles without Thread
2023-03-14 11:27:12,632 [INFO] DetailPanel:341 - Set advertising image to C:/Users/fcvaz/STM32Cube/Repository/\en.prom-stm32h5-mcu-finder.jpg
2023-03-14 11:27:21,642 [INFO] MultiScanPanel:200 - Auto-refresh data requested => check proxy status ongoing
2023-03-14 11:27:21,838 [INFO] LoadUrlFilesThread:185 - End of LoadServerUrlFiles without Thread
2023-03-14 11:27:21,838 [INFO] DetailPanel:341 - Set advertising image to C:/Users/fcvaz/STM32Cube/Repository/\en.prom-stm32h5-mcu-finder.jpg
2023-03-14 11:29:39,649 [INFO] MainUpdater:2854 - connection check result : 10
2023-03-14 11:29:39,649 [INFO] MainUpdater:2854 - connection check result : 10
2023-03-14 11:29:39,752 [INFO] MicroXplorer:468 - Change Database Path : 
2023-03-14 11:29:39,754 [INFO] MicroXplorer:498 - Change Database Version : DB.6.0.80
2023-03-14 11:29:39,760 [WARN] ThirdParty:871 - waiting for thirdparty lock release [close project]
2023-03-14 11:29:39,762 [INFO] ThirdParty:873 - entering critical section [close project]
2023-03-14 11:29:39,769 [INFO] ThirdParty:883 - exiting critical section [close project]
2023-03-14 11:29:39,793 [INFO] PinOutPanel:1499 - setPackage(No Configuration,No Configuration)
2023-03-14 11:29:39,818 [INFO] UtilMem:75 - Begin LoadConfig() Used Memory: 204546112 Bytes (304087040)
2023-03-14 11:29:39,826 [INFO] MicroXplorer:468 - Change Database Path : 
2023-03-14 11:29:39,827 [INFO] MicroXplorer:498 - Change Database Version : DB.6.0.80
2023-03-14 11:29:39,830 [INFO] OpenFileManager:308 - Change cursor
2023-03-14 11:29:39,913 [INFO] Mcu:1937 - Initializing MCU STM32L4R5Z(G-I)Tx STM32L4R5ZITx STM32L4R5ZIT6
2023-03-14 11:29:44,788 [INFO] Context:659 - Trying to add GPIOservice into a context  which must be forbidden
2023-03-14 11:29:46,129 [INFO] RtosManager:555 - Registered RTOS mode: class=CMSIS, group=RTOS, mode=CMSIS_V1, owner=FREERTOS
2023-03-14 11:29:46,130 [INFO] RtosManager:555 - Registered RTOS mode: class=CMSIS, group=RTOS2, mode=CMSIS_V2, owner=FREERTOS
2023-03-14 11:29:46,130 [INFO] RtosManager:555 - Registered RTOS mode: class=RTOS, group=Core, mode=CMSIS_V1, owner=FREERTOS
2023-03-14 11:29:46,130 [INFO] RtosManager:555 - Registered RTOS mode: class=RTOS, group=Core, mode=CMSIS_V2, owner=FREERTOS
2023-03-14 11:29:46,131 [WARN] ModelIntegratedComponent:184 - Missing modes for component STMicroelectronics:FreeRTOS:0.0.1:STMicroelectronics:RTOS:FreeRTOS:Core:::10.2.0:
2023-03-14 11:29:46,163 [WARN] ModelIntegratedComponent:63 - No mode defined for component null
2023-03-14 11:29:46,163 [WARN] ModelIntegratedComponent:63 - No mode defined for component null
2023-03-14 11:29:46,164 [WARN] ModelIntegratedComponent:63 - No mode defined for component null
2023-03-14 11:29:46,164 [WARN] ModelIntegratedComponent:63 - No mode defined for component null
2023-03-14 11:29:46,164 [WARN] ModelIntegratedComponent:63 - No mode defined for component null
2023-03-14 11:29:46,164 [WARN] ModelIntegratedComponent:63 - No mode defined for component null
2023-03-14 11:29:46,164 [WARN] ModelIntegratedComponent:63 - No mode defined for component null
2023-03-14 11:29:46,166 [WARN] ModelIntegratedComponent:63 - No mode defined for component null
2023-03-14 11:29:46,169 [WARN] ModelIntegratedComponent:63 - No mode defined for component null
2023-03-14 11:29:46,169 [WARN] ModelIntegratedComponent:63 - No mode defined for component null
2023-03-14 11:29:46,169 [WARN] ModelIntegratedComponent:63 - No mode defined for component null
2023-03-14 11:29:46,169 [WARN] ModelIntegratedComponent:63 - No mode defined for component null
2023-03-14 11:29:46,169 [WARN] ModelIntegratedComponent:63 - No mode defined for component null
2023-03-14 11:29:46,170 [WARN] ModelIntegratedComponent:63 - No mode defined for component null
2023-03-14 11:29:46,170 [WARN] ModelIntegratedComponent:63 - No mode defined for component null
2023-03-14 11:29:46,170 [WARN] ModelIntegratedComponent:63 - No mode defined for component null
2023-03-14 11:29:46,170 [WARN] ModelIntegratedComponent:63 - No mode defined for component null
2023-03-14 11:29:46,170 [WARN] ModelIntegratedComponent:63 - No mode defined for component null
2023-03-14 11:29:46,170 [WARN] ModelIntegratedComponent:63 - No mode defined for component null
2023-03-14 11:29:46,171 [WARN] ModelIntegratedComponent:63 - No mode defined for component null
2023-03-14 11:29:46,171 [WARN] ModelIntegratedComponent:63 - No mode defined for component null
2023-03-14 11:29:46,171 [WARN] ModelIntegratedComponent:63 - No mode defined for component null
2023-03-14 11:29:46,171 [WARN] ModelIntegratedComponent:63 - No mode defined for component null
2023-03-14 11:29:46,172 [WARN] ModelIntegratedComponent:63 - No mode defined for component null
2023-03-14 11:29:46,172 [WARN] ModelIntegratedComponent:63 - No mode defined for component null
2023-03-14 11:29:46,172 [WARN] ModelIntegratedComponent:63 - No mode defined for component null
2023-03-14 11:29:46,172 [WARN] ModelIntegratedComponent:63 - No mode defined for component null
2023-03-14 11:29:46,172 [WARN] ModelIntegratedComponent:63 - No mode defined for component null
2023-03-14 11:29:46,172 [WARN] ModelIntegratedComponent:63 - No mode defined for component null
2023-03-14 11:29:46,172 [WARN] ModelIntegratedComponent:63 - No mode defined for component null
2023-03-14 11:29:46,172 [WARN] ModelIntegratedComponent:63 - No mode defined for component null
2023-03-14 11:29:46,172 [WARN] ModelIntegratedComponent:63 - No mode defined for component null
2023-03-14 11:29:46,172 [WARN] ModelIntegratedComponent:63 - No mode defined for component null
2023-03-14 11:29:46,506 [INFO] ThirdPartyModel:298 - Start build external matchings
2023-03-14 11:29:46,970 [INFO] ThirdPartyModel:316 - End build external matchings
2023-03-14 11:29:47,004 [INFO] ImportTextPane:194 - (OptionalMessage_ERROR) IP (RCC) : Invalid parameter (48MHZClocksFreq_Value)
2023-03-14 11:29:47,005 [INFO] ImportTextPane:194 - (OptionalMessage_ERROR) IP (RCC) : Invalid parameter (ADC12outputFreq_Value)
2023-03-14 11:29:47,005 [INFO] ImportTextPane:194 - (OptionalMessage_ERROR) IP (RCC) : Invalid parameter (ADC34outputFreq_Value)
2023-03-14 11:29:47,006 [INFO] ImportTextPane:194 - (OptionalMessage_ERROR) IP (RCC) : Invalid parameter (DFSDM2Freq_Value)
2023-03-14 11:29:47,006 [INFO] ImportTextPane:194 - (OptionalMessage_ERROR) IP (RCC) : Invalid parameter (EthernetFreq_Value)
2023-03-14 11:29:47,006 [INFO] ImportTextPane:194 - (OptionalMessage_ERROR) IP (RCC) : Invalid parameter (FMPI2C1Freq_Value)
2023-03-14 11:29:47,006 [INFO] ImportTextPane:194 - (OptionalMessage_ERROR) IP (RCC) : Invalid parameter (FamilyName)
2023-03-14 11:29:47,007 [INFO] ImportTextPane:194 - (OptionalMessage_ERROR) IP (RCC) : Invalid parameter (I2S1Freq_Value)
2023-03-14 11:29:47,007 [INFO] ImportTextPane:194 - (OptionalMessage_ERROR) IP (RCC) : Invalid parameter (I2S2Freq_Value)
2023-03-14 11:29:47,007 [INFO] ImportTextPane:194 - (OptionalMessage_ERROR) IP (RCC) : Invalid parameter (I2SClocksFreq_Value)
2023-03-14 11:29:47,007 [INFO] ImportTextPane:194 - (OptionalMessage_ERROR) IP (RCC) : Invalid parameter (LPTimerFreq_Value)
2023-03-14 11:29:47,007 [INFO] ImportTextPane:194 - (OptionalMessage_ERROR) IP (RCC) : Invalid parameter (MCO2PinFreq_Value)
2023-03-14 11:29:47,007 [INFO] ImportTextPane:194 - (OptionalMessage_ERROR) IP (RCC) : Invalid parameter (MCOFreq_Value)
2023-03-14 11:29:47,008 [INFO] ImportTextPane:194 - (OptionalMessage_ERROR) IP (RCC) : Invalid parameter (PLLCLKFreq_Value)
2023-03-14 11:29:47,008 [INFO] ImportTextPane:194 - (OptionalMessage_ERROR) IP (RCC) : Parameter (PLLDSIVCOFreq_Value) has invalid value (320000000)
2023-03-14 11:29:47,009 [INFO] ImportTextPane:194 - (OptionalMessage_ERROR) IP (RCC) : Invalid parameter (PLLI2SPCLKFreq_Value)
2023-03-14 11:29:47,010 [INFO] ImportTextPane:194 - (OptionalMessage_ERROR) IP (RCC) : Invalid parameter (PLLI2SQCLKFreq_Value)
2023-03-14 11:29:47,011 [INFO] ImportTextPane:194 - (OptionalMessage_ERROR) IP (RCC) : Invalid parameter (PLLI2SQoutputFreq_Value)
2023-03-14 11:29:47,012 [INFO] ImportTextPane:194 - (OptionalMessage_ERROR) IP (RCC) : Invalid parameter (PLLI2SRCLKFreq_Value)
2023-03-14 11:29:47,013 [INFO] ImportTextPane:194 - (OptionalMessage_ERROR) IP (RCC) : Invalid parameter (PLLI2SoutputFreq_Value)
2023-03-14 11:29:47,015 [INFO] ImportTextPane:194 - (OptionalMessage_ERROR) IP (RCC) : Invalid parameter (PLLMCOFreq_Value)
2023-03-14 11:29:47,017 [INFO] ImportTextPane:194 - (OptionalMessage_ERROR) IP (RCC) : Invalid parameter (PLLMUL)
2023-03-14 11:29:47,017 [INFO] ImportTextPane:194 - (OptionalMessage_ERROR) IP (RCC) : Invalid parameter (PLLQCLKFreq_Value)
2023-03-14 11:29:47,019 [INFO] ImportTextPane:194 - (OptionalMessage_ERROR) IP (RCC) : Invalid parameter (PLLRoutputFreq_Value)
2023-03-14 11:29:47,020 [INFO] ImportTextPane:194 - (OptionalMessage_ERROR) IP (RCC) : Invalid parameter (PRESCALERUSB)
2023-03-14 11:29:47,020 [INFO] ImportTextPane:194 - (OptionalMessage_ERROR) IP (RCC) : Invalid parameter (RTCHSEDivFreq_Value)
2023-03-14 11:29:47,020 [INFO] ImportTextPane:194 - (OptionalMessage_ERROR) IP (RCC) : Invalid parameter (SAI1AFreq_Value)
2023-03-14 11:29:47,020 [INFO] ImportTextPane:194 - (OptionalMessage_ERROR) IP (RCC) : Invalid parameter (SAI1BFreq_Value)
2023-03-14 11:29:47,021 [INFO] ImportTextPane:194 - (OptionalMessage_ERROR) IP (RCC) : Invalid parameter (SDIOFreq_Value)
2023-03-14 11:29:47,021 [INFO] ImportTextPane:194 - (OptionalMessage_ERROR) IP (RCC) : Invalid parameter (SYSCLKSourceVirtual)
2023-03-14 11:29:47,021 [INFO] ImportTextPane:194 - (OptionalMessage_ERROR) IP (RCC) : Invalid parameter (TIM15Freq_Value)
2023-03-14 11:29:47,022 [INFO] ImportTextPane:194 - (OptionalMessage_ERROR) IP (RCC) : Invalid parameter (TIM16Freq_Value)
2023-03-14 11:29:47,022 [INFO] ImportTextPane:194 - (OptionalMessage_ERROR) IP (RCC) : Invalid parameter (TIM17Freq_Value)
2023-03-14 11:29:47,022 [INFO] ImportTextPane:194 - (OptionalMessage_ERROR) IP (RCC) : Invalid parameter (TIM1Freq_Value)
2023-03-14 11:29:47,022 [INFO] ImportTextPane:194 - (OptionalMessage_ERROR) IP (RCC) : Invalid parameter (TIM20Freq_Value)
2023-03-14 11:29:47,022 [INFO] ImportTextPane:194 - (OptionalMessage_ERROR) IP (RCC) : Invalid parameter (TIM2Freq_Value)
2023-03-14 11:29:47,022 [INFO] ImportTextPane:194 - (OptionalMessage_ERROR) IP (RCC) : Invalid parameter (TIM3Freq_Value)
2023-03-14 11:29:47,023 [INFO] ImportTextPane:194 - (OptionalMessage_ERROR) IP (RCC) : Invalid parameter (TIM8Freq_Value)
2023-03-14 11:29:47,023 [INFO] ImportTextPane:194 - (OptionalMessage_ERROR) IP (RCC) : Invalid parameter (VCOI2SInputFreq_Value)
2023-03-14 11:29:47,023 [INFO] ImportTextPane:194 - (OptionalMessage_ERROR) IP (RCC) : Invalid parameter (VCOI2SOutputFreq_Value)
2023-03-14 11:29:47,026 [INFO] ImportTextPane:194 - (OptionalMessage_ERROR) IP (RCC) : Invalid parameter (VCOInputMFreq_Value)
2023-03-14 11:29:47,030 [INFO] ImportTextPane:194 - (OptionalMessage_ERROR) IP (RCC) : Invalid parameter (VCOOutput2Freq_Value)
2023-03-14 11:29:47,034 [INFO] ImportTextPane:194 - (OptionalMessage_ERROR) IP (RCC) : Invalid parameter (VcooutputI2S)
2023-03-14 11:29:48,451 [INFO] UtilMem:75 - End LoadConfig() Used Memory: 350330840 Bytes (441450496)
2023-03-14 11:29:48,678 [WARN] ThirdParty:833 - waiting for thirdparty lock release [change project]
2023-03-14 11:29:48,678 [INFO] ThirdParty:835 - entering critical section [change project]
2023-03-14 11:29:48,681 [INFO] ThirdParty:1030 - CMSIS Pack Vendor :STMicroelectronics X-CUBE-ISPU 1.1.0
2023-03-14 11:29:48,682 [INFO] ThirdParty:1030 - CMSIS Pack Vendor :RoweBots I-CUBE-UNISONRTOS 5.5.0-4
2023-03-14 11:29:48,683 [INFO] ThirdParty:1030 - CMSIS Pack Vendor :STMicroelectronics X-CUBE-GNSS1 6.0.0
2023-03-14 11:29:48,684 [INFO] ThirdParty:1030 - CMSIS Pack Vendor :STMicroelectronics USB_HOST 2.0.0
2023-03-14 11:29:48,684 [INFO] ThirdParty:1030 - CMSIS Pack Vendor :STMicroelectronics X-CUBE-AZRTOS-F4 1.1.0
2023-03-14 11:29:48,685 [INFO] ThirdParty:1030 - CMSIS Pack Vendor :STMicroelectronics LIBJPEG 8.0.0
2023-03-14 11:29:48,685 [INFO] ThirdParty:1030 - CMSIS Pack Vendor :STMicroelectronics USB_DEVICE 3.0.0
2023-03-14 11:29:48,685 [INFO] ThirdParty:1030 - CMSIS Pack Vendor :STMicroelectronics X-CUBE-AI 8.0.0
2023-03-14 11:29:48,685 [INFO] ThirdParty:1030 - CMSIS Pack Vendor :STMicroelectronics X-CUBE-FREERTOS 1.0.0
2023-03-14 11:29:48,685 [INFO] ThirdParty:1030 - CMSIS Pack Vendor :STMicroelectronics X-CUBE-TOUCHGFX 4.21.1
2023-03-14 11:29:48,685 [INFO] ThirdParty:1030 - CMSIS Pack Vendor :STMicroelectronics X-CUBE-AZRTOS-F7 1.1.0
2023-03-14 11:29:48,685 [INFO] ThirdParty:1030 - CMSIS Pack Vendor :STMicroelectronics USB_DEVICE 2.0.0
2023-03-14 11:29:48,685 [INFO] ThirdParty:1030 - CMSIS Pack Vendor :STMicroelectronics X-CUBE-ALGOBUILD 1.3.0
2023-03-14 11:29:48,685 [INFO] ThirdParty:1030 - CMSIS Pack Vendor :STMicroelectronics X-CUBE-BLE1 6.2.4
2023-03-14 11:29:48,685 [INFO] ThirdParty:1030 - CMSIS Pack Vendor :STMicroelectronics X-CUBE-AZRTOS-L5 1.1.0
2023-03-14 11:29:48,689 [INFO] ThirdParty:1030 - CMSIS Pack Vendor :STMicroelectronics FreeRTOS 0.0.1
2023-03-14 11:29:48,690 [INFO] ThirdParty:1030 - CMSIS Pack Vendor :emotas I-CUBE-CANOPEN 1.1.3
2023-03-14 11:29:48,690 [INFO] ThirdParty:1030 - CMSIS Pack Vendor :STMicroelectronics X-CUBE-AZRTOS-G0 1.1.0
2023-03-14 11:29:48,690 [INFO] ThirdParty:1030 - CMSIS Pack Vendor :STMicroelectronics X-CUBE-BLEMGR 2.0.0
2023-03-14 11:29:48,690 [INFO] ThirdParty:1030 - CMSIS Pack Vendor :STMicroelectronics X-CUBE-SUBG2 5.0.0
2023-03-14 11:29:48,690 [INFO] ThirdParty:1030 - CMSIS Pack Vendor :STMicroelectronics X-CUBE-NFC4 3.0.0
2023-03-14 11:29:48,690 [INFO] ThirdParty:1030 - CMSIS Pack Vendor :STMicroelectronics STM32_WPAN 1.0.0
2023-03-14 11:29:48,691 [INFO] ThirdParty:1030 - CMSIS Pack Vendor :STMicroelectronics lwIP 2.0.3
2023-03-14 11:29:48,691 [INFO] ThirdParty:1030 - CMSIS Pack Vendor :STMicroelectronics USB_HOST 1.0.0
2023-03-14 11:29:48,691 [INFO] ThirdParty:1030 - CMSIS Pack Vendor :STMicroelectronics PDM2PCM 3.1.0
2023-03-14 11:29:48,691 [INFO] ThirdParty:1030 - CMSIS Pack Vendor :STMicroelectronics FP-ATR-ASTRA1 1.1.1
2023-03-14 11:29:48,691 [INFO] ThirdParty:1030 - CMSIS Pack Vendor :STMicroelectronics PDM2PCM 3.3.0
2023-03-14 11:29:48,691 [INFO] ThirdParty:1030 - CMSIS Pack Vendor :STMicroelectronics X-CUBE-DISPLAY 3.0.0
2023-03-14 11:29:48,691 [INFO] ThirdParty:1030 - CMSIS Pack Vendor :STMicroelectronics X-CUBE-AZRTOS-G4 1.0.0
2023-03-14 11:29:48,692 [INFO] ThirdParty:1030 - CMSIS Pack Vendor :STMicroelectronics FP-ATR-SIGFOX1 3.2.0
2023-03-14 11:29:48,692 [INFO] ThirdParty:1030 - CMSIS Pack Vendor :wolfSSL I-CUBE-wolfSSL 5.5.4
2023-03-14 11:29:48,692 [INFO] ThirdParty:1030 - CMSIS Pack Vendor :STMicroelectronics X-CUBE-AZRTOS-L4 1.0.0
2023-03-14 11:29:48,692 [INFO] ThirdParty:1030 - CMSIS Pack Vendor :STMicroelectronics HAL Drivers 0.0.0
2023-03-14 11:29:48,692 [INFO] ThirdParty:1030 - CMSIS Pack Vendor :STMicroelectronics MBEDTLS 2.16.2
2023-03-14 11:29:48,692 [INFO] ThirdParty:1030 - CMSIS Pack Vendor :STMicroelectronics MBEDTLS 2.14.1
2023-03-14 11:29:48,692 [INFO] ThirdParty:1030 - CMSIS Pack Vendor :STMicroelectronics X-CUBE-NFC7 1.0.0
2023-03-14 11:29:48,693 [INFO] ThirdParty:1030 - CMSIS Pack Vendor :STMicroelectronics X-CUBE-AZRTOS-WL 1.0.0
2023-03-14 11:29:48,693 [INFO] ThirdParty:1030 - CMSIS Pack Vendor :STMicroelectronics X-CUBE-EEPRMA1 4.1.0
2023-03-14 11:29:48,693 [INFO] ThirdParty:1030 - CMSIS Pack Vendor :portGmbH I-Cube-SoM-uGOAL 1.1.0
2023-03-14 11:29:48,693 [INFO] ThirdParty:1030 - CMSIS Pack Vendor :STMicroelectronics X-CUBE-ALS 1.0.1
2023-03-14 11:29:48,694 [INFO] ThirdParty:1030 - CMSIS Pack Vendor :STMicroelectronics X-CUBE-MEMS1 9.5.0
2023-03-14 11:29:48,694 [INFO] ThirdParty:1030 - CMSIS Pack Vendor :STMicroelectronics ThreadX 1.0.0
2023-03-14 11:29:48,694 [INFO] ThirdParty:1030 - CMSIS Pack Vendor :STMicroelectronics X-CUBE-AZRTOS-WB 1.1.0
2023-03-14 11:29:48,695 [INFO] ThirdParty:1030 - CMSIS Pack Vendor :SEGGER I-CUBE-embOS 1.3.1
2023-03-14 11:29:48,695 [INFO] ThirdParty:1030 - CMSIS Pack Vendor :STMicroelectronics USB_DEVICE 1.0.0
2023-03-14 11:29:48,695 [INFO] ThirdParty:1030 - CMSIS Pack Vendor :STMicroelectronics ThreadX 0.0.2
2023-03-14 11:29:48,695 [INFO] ThirdParty:1030 - CMSIS Pack Vendor :WES I-CUBE-Cesium 1.3.0
2023-03-14 11:29:48,696 [INFO] ThirdParty:1030 - CMSIS Pack Vendor :STMicroelectronics lwIP 2.1.2
2023-03-14 11:29:48,696 [INFO] ThirdParty:1030 - CMSIS Pack Vendor :STMicroelectronics X-CUBE-SFXS2LP1 4.0.0
2023-03-14 11:29:48,696 [INFO] ThirdParty:1030 - CMSIS Pack Vendor :STMicroelectronics X-CUBE-BLE2 3.3.0
2023-03-14 11:29:48,696 [INFO] ThirdParty:1030 - CMSIS Pack Vendor :STMicroelectronics X-CUBE-TOF1 3.2.0
2023-03-14 11:29:48,697 [INFO] ThirdParty:1030 - CMSIS Pack Vendor :STMicroelectronics PDM2PCM 3.2.0
2023-03-14 11:29:48,697 [INFO] ThirdParty:1030 - CMSIS Pack Vendor :STMicroelectronics X-CUBE-AZRTOS-H7 3.0.0
2023-03-14 11:29:48,697 [INFO] ThirdParty:841 - exiting critical section [change project]
2023-03-14 11:29:49,890 [INFO] PinOutPanel:1499 - setPackage(No Configuration,No Configuration)
2023-03-14 11:29:49,893 [INFO] PinOutPanel:1499 - setPackage(STM32L4R5ZITx,LQFP144)
2023-03-14 11:29:52,301 [INFO] UtilMem:75 - Before build in PCC Used Memory: 248454024 Bytes (441450496)
2023-03-14 11:29:53,879 [INFO] UtilMem:75 - After build in PCC Used Memory: 273409632 Bytes (441450496)
2023-03-14 11:29:53,929 [INFO] IPUIPlugin:80 - create IPUIPlugin
2023-03-14 11:29:53,929 [INFO] IPUIPlugin:80 - create IPUIPlugin
2023-03-14 11:29:53,929 [INFO] IPUIPlugin:80 - create IPUIPlugin
2023-03-14 11:29:53,929 [INFO] IPUIPlugin:80 - create IPUIPlugin
2023-03-14 11:29:53,930 [INFO] IPUIPlugin:80 - create IPUIPlugin
2023-03-14 11:29:53,930 [INFO] IPUIPlugin:80 - create IPUIPlugin
2023-03-14 11:29:53,930 [INFO] IPUIPlugin:80 - create IPUIPlugin
2023-03-14 11:29:53,931 [INFO] IPUIPlugin:80 - create IPUIPlugin
2023-03-14 11:29:53,931 [INFO] IPUIPlugin:80 - create IPUIPlugin
2023-03-14 11:29:53,931 [INFO] IPUIPlugin:80 - create IPUIPlugin
2023-03-14 11:29:53,931 [INFO] IPUIPlugin:80 - create IPUIPlugin
2023-03-14 11:29:53,932 [INFO] IPUIPlugin:80 - create IPUIPlugin
2023-03-14 11:29:53,932 [INFO] IPUIPlugin:80 - create IPUIPlugin
2023-03-14 11:29:53,932 [INFO] IPUIPlugin:80 - create IPUIPlugin
2023-03-14 11:29:53,932 [INFO] IPUIPlugin:80 - create IPUIPlugin
2023-03-14 11:29:53,933 [INFO] IPUIPlugin:80 - create IPUIPlugin
2023-03-14 11:29:53,933 [INFO] IPUIPlugin:80 - create IPUIPlugin
2023-03-14 11:29:53,933 [INFO] IPUIPlugin:80 - create IPUIPlugin
2023-03-14 11:29:53,933 [INFO] IPUIPlugin:80 - create IPUIPlugin
2023-03-14 11:29:53,933 [INFO] IPUIPlugin:80 - create IPUIPlugin
2023-03-14 11:29:53,935 [INFO] IPUIPlugin:80 - create IPUIPlugin
2023-03-14 11:29:53,935 [INFO] IPUIPlugin:80 - create IPUIPlugin
2023-03-14 11:29:53,936 [INFO] IPUIPlugin:80 - create IPUIPlugin
2023-03-14 11:29:53,936 [INFO] IPUIPlugin:80 - create IPUIPlugin
2023-03-14 11:29:53,937 [INFO] IPUIPlugin:80 - create IPUIPlugin
2023-03-14 11:29:53,937 [INFO] IPUIPlugin:80 - create IPUIPlugin
2023-03-14 11:29:53,938 [INFO] IPUIPlugin:80 - create IPUIPlugin
2023-03-14 11:29:53,938 [INFO] IPUIPlugin:80 - create IPUIPlugin
2023-03-14 11:29:53,939 [INFO] IPUIPlugin:80 - create IPUIPlugin
2023-03-14 11:29:53,939 [INFO] IPUIPlugin:80 - create IPUIPlugin
2023-03-14 11:29:53,939 [INFO] IPUIPlugin:80 - create IPUIPlugin
2023-03-14 11:29:53,940 [INFO] IPUIPlugin:80 - create IPUIPlugin
2023-03-14 11:29:53,940 [INFO] IPUIPlugin:80 - create IPUIPlugin
2023-03-14 11:29:53,941 [INFO] IPUIPlugin:80 - create IPUIPlugin
2023-03-14 11:29:53,942 [INFO] IPUIPlugin:80 - create IPUIPlugin
2023-03-14 11:29:53,942 [INFO] IPUIPlugin:80 - create IPUIPlugin
2023-03-14 11:29:53,943 [INFO] IPUIPlugin:80 - create IPUIPlugin
2023-03-14 11:29:53,943 [INFO] IPUIPlugin:80 - create IPUIPlugin
2023-03-14 11:29:53,943 [INFO] IPUIPlugin:80 - create IPUIPlugin
2023-03-14 11:29:53,944 [INFO] IPUIPlugin:80 - create IPUIPlugin
2023-03-14 11:29:53,944 [INFO] IPUIPlugin:80 - create IPUIPlugin
2023-03-14 11:29:53,945 [INFO] IPUIPlugin:80 - create IPUIPlugin
2023-03-14 11:29:53,945 [INFO] IPUIPlugin:80 - create IPUIPlugin
2023-03-14 11:29:53,946 [INFO] IPUIPlugin:80 - create IPUIPlugin
2023-03-14 11:29:53,946 [INFO] IPUIPlugin:80 - create IPUIPlugin
2023-03-14 11:29:53,947 [INFO] IPUIPlugin:80 - create IPUIPlugin
2023-03-14 11:29:53,947 [INFO] IPUIPlugin:80 - create IPUIPlugin
2023-03-14 11:29:53,947 [INFO] IPUIPlugin:80 - create IPUIPlugin
2023-03-14 11:29:53,947 [INFO] IPUIPlugin:80 - create IPUIPlugin
2023-03-14 11:29:53,948 [INFO] IPUIPlugin:80 - create IPUIPlugin
2023-03-14 11:29:53,948 [INFO] IPUIPlugin:80 - create IPUIPlugin
2023-03-14 11:29:53,949 [INFO] IPUIPlugin:80 - create IPUIPlugin
2023-03-14 11:29:53,949 [INFO] IPUIPlugin:80 - create IPUIPlugin
2023-03-14 11:29:53,949 [INFO] IPUIPlugin:80 - create IPUIPlugin
2023-03-14 11:29:53,950 [INFO] IPUIPlugin:80 - create IPUIPlugin
2023-03-14 11:29:53,950 [INFO] IPUIPlugin:80 - create IPUIPlugin
2023-03-14 11:29:53,951 [INFO] IPUIPlugin:80 - create IPUIPlugin
2023-03-14 11:29:53,951 [INFO] IPUIPlugin:80 - create IPUIPlugin
2023-03-14 11:29:53,952 [INFO] IPUIPlugin:80 - create IPUIPlugin
2023-03-14 11:29:53,952 [INFO] IPUIPlugin:80 - create IPUIPlugin
2023-03-14 11:29:53,953 [INFO] IPUIPlugin:80 - create IPUIPlugin
2023-03-14 11:29:54,471 [INFO] CADModel:165 - CPN selected for project levelSTM32L4R5ZIT6
2023-03-14 11:29:54,471 [INFO] CADModel:114 - Register for checkConnection events
2023-03-14 11:29:54,628 [INFO] OpenFileManager:328 - Restore cursor
2023-03-14 11:29:56,420 [INFO] UtilMem:75 - End SaveConfig() Used Memory: 280270808 Bytes (441450496)
2023-03-14 11:29:57,176 [INFO] ServerAccessManage:473 - Download File stm32cube_fw_l4_v1170.zip
2023-03-14 11:30:59,560 [ERROR] FileExtend:455 - File entry not found
2023-03-14 11:30:59,561 [INFO] FileExtend:240 - Unzip File : stm32cube_fw_l4_v1170.zip
2023-03-14 11:30:59,562 [INFO] FileExtend:255 - Standard Zip Deflate
2023-03-14 11:34:06,245 [INFO] ServerAccessManage:473 - Download File stm32cube_fw_l4_v1172.zip
2023-03-14 11:34:15,604 [INFO] FileExtend:240 - Unzip File : stm32cube_fw_l4_v1172.zip
2023-03-14 11:34:15,604 [INFO] FileExtend:255 - Standard Zip Deflate
2023-03-14 11:36:02,170 [INFO] LoadServerPackagesThread:196 - End of LoadServerPackages Thread
2023-03-14 11:36:02,467 [INFO] ThirdPartyModel:298 - Start build external matchings
2023-03-14 11:36:02,494 [INFO] UtilMem:75 - End SaveConfig() Used Memory: 402622712 Bytes (441450496)
2023-03-14 11:36:03,091 [INFO] ThirdPartyModel:316 - End build external matchings
2023-03-14 11:36:03,109 [INFO] CheckServerUpdateThread:120 - End of CheckServer Thread
2023-03-14 11:36:04,276 [INFO] BlockDiagram:2759 - set Specific Code input for plugin: SYS
2023-03-14 11:36:04,276 [INFO] BlockDiagram:2759 - set Specific Code input for plugin: RCC
2023-03-14 11:36:04,276 [INFO] BlockDiagram:2759 - set Specific Code input for plugin: LPUART
2023-03-14 11:36:04,276 [INFO] BlockDiagram:2759 - set Specific Code input for plugin: USB_OTG_FS
2023-03-14 11:36:04,276 [INFO] BlockDiagram:2759 - set Specific Code input for plugin: NVIC
2023-03-14 11:36:04,276 [INFO] BlockDiagram:2759 - set Specific Code input for plugin: USART
2023-03-14 11:36:04,277 [INFO] BlockDiagram:2759 - set Specific Code input for plugin: GPIO
2023-03-14 11:36:04,283 [INFO] CodeGenerator:793 - code generatio: config db path: C:\ST\STM32CubeIDE_1.12.0\STM32CubeIDE\plugins\com.st.stm32cube.common.mx_6.8.0.202302231600\\db\
2023-03-14 11:36:05,462 [INFO] CodeEngine:255 - oldGeneratedFile, C:\Users\fcvaz\Dev\mastering_mcu\fundamentals\x03_Clock\MXTmpFiles\license.tmp_save
2023-03-14 11:36:06,680 [INFO] CodeEngine:279 - Generated code: C:\Users\fcvaz\Dev\mastering_mcu\fundamentals\x03_Clock\MXTmpFiles\license.tmp
2023-03-14 11:36:07,774 [INFO] CodeEngine:255 - oldGeneratedFile, C:\Users\fcvaz\Dev\mastering_mcu\fundamentals\x03_Clock\MXTmpFiles\gpio.tmp_save
2023-03-14 11:36:08,496 [INFO] CodeEngine:279 - Generated code: C:\Users\fcvaz\Dev\mastering_mcu\fundamentals\x03_Clock\MXTmpFiles\gpio.tmp
2023-03-14 11:36:09,432 [WARN] IPConfigManager:2937 - Warning: the RefConfig PWREx_EnableUSBVoltageDetector is not available in your config.xml file
2023-03-14 11:36:09,507 [INFO] CodeEngine:255 - oldGeneratedFile, C:\Users\fcvaz\Dev\mastering_mcu\fundamentals\x03_Clock\Core\Src\stm32l4xx_it.c_save
2023-03-14 11:36:10,351 [INFO] CodeEngine:279 - Generated code: C:\Users\fcvaz\Dev\mastering_mcu\fundamentals\x03_Clock\Core\Src\stm32l4xx_it.c
2023-03-14 11:36:10,392 [INFO] CodeEngine:255 - oldGeneratedFile, C:\Users\fcvaz\Dev\mastering_mcu\fundamentals\x03_Clock\Core\Inc\stm32l4xx_it.h_save
2023-03-14 11:36:10,690 [INFO] CodeEngine:279 - Generated code: C:\Users\fcvaz\Dev\mastering_mcu\fundamentals\x03_Clock\Core\Inc\stm32l4xx_it.h
2023-03-14 11:36:10,744 [INFO] CodeEngine:255 - oldGeneratedFile, C:\Users\fcvaz\Dev\mastering_mcu\fundamentals\x03_Clock\Core\Src\stm32l4xx_hal_msp.c_save
2023-03-14 11:36:11,069 [INFO] CodeEngine:279 - Generated code: C:\Users\fcvaz\Dev\mastering_mcu\fundamentals\x03_Clock\Core\Src\stm32l4xx_hal_msp.c
2023-03-14 11:36:11,092 [INFO] CodeEngine:255 - oldGeneratedFile, C:\Users\fcvaz\Dev\mastering_mcu\fundamentals\x03_Clock\MXTmpFiles\system.tmp_save
2023-03-14 11:36:11,279 [INFO] CodeEngine:279 - Generated code: C:\Users\fcvaz\Dev\mastering_mcu\fundamentals\x03_Clock\MXTmpFiles\system.tmp
2023-03-14 11:36:11,328 [INFO] CodeEngine:311 - oldGeneratedFile, C:\Users\fcvaz\Dev\mastering_mcu\fundamentals\x03_Clock\Core\Inc\stm32l4xx_hal_conf.h_save
2023-03-14 11:36:11,492 [INFO] CodeEngine:335 - Generated code: C:\Users\fcvaz\Dev\mastering_mcu\fundamentals\x03_Clock\Core\Inc\stm32l4xx_hal_conf.h
2023-03-14 11:36:11,564 [WARN] IPConfigManager:3431 - IP not found : USB_OTG
2023-03-14 11:36:11,567 [WARN] CodeGenerator:3754 - IP not found : null
2023-03-14 11:36:11,592 [INFO] CodeEngine:255 - oldGeneratedFile, C:\Users\fcvaz\Dev\mastering_mcu\fundamentals\x03_Clock\Core\Inc\main.h_save
2023-03-14 11:36:11,773 [INFO] CodeEngine:279 - Generated code: C:\Users\fcvaz\Dev\mastering_mcu\fundamentals\x03_Clock\Core\Inc\main.h
2023-03-14 11:36:11,792 [INFO] CodeEngine:255 - oldGeneratedFile, C:\Users\fcvaz\Dev\mastering_mcu\fundamentals\x03_Clock\Core\Src\main.c_save
2023-03-14 11:36:12,114 [INFO] CodeEngine:279 - Generated code: C:\Users\fcvaz\Dev\mastering_mcu\fundamentals\x03_Clock\Core\Src\main.c
2023-03-14 11:36:13,806 [INFO] ProjectBuilder:2996 - Time for Copy HAL[1] : 741mS.
2023-03-14 11:36:13,833 [INFO] ProjectBuilder:4304 - Project Generator version: 3.19.2
2023-03-14 11:36:14,500 [INFO] ConfigFileManager:1483 - The Die is : DIE470
2023-03-14 11:36:14,518 [INFO] ApiDbMcu:507 - Load IP Config File for FATFS
2023-03-14 11:36:14,588 [INFO] ApiDbMcu:507 - Load IP Config File for FREERTOS
2023-03-14 11:36:14,606 [INFO] ApiDbMcu:507 - Load IP Config File for TOUCHSENSING
2023-03-14 11:36:14,618 [INFO] ApiDbMcu:507 - Load IP Config File for USB_DEVICE
2023-03-14 11:36:14,626 [INFO] ApiDbMcu:507 - Load IP Config File for USB_HOST
