2023-03-14 11:36:16,272 [INFO] LogOutputStream:77 - [STDOUT_REDIRECT] 
2023-03-14 11:36:22,412 [INFO] ProjectBuilder:4505 - Time for Generating toolchain IDE Files: 8578mS.
2023-03-14 11:36:22,416 [INFO] ProjectBuilder:2867 - Time for Copy CMSIS : 3mS.
2023-03-14 11:36:22,426 [INFO] ProjectBuilder:2867 - Time for Copy CMSIS : 0mS.
2023-03-14 11:36:23,897 [INFO] McuFinderGlobals:66 - Set McuFinderConnectedMode to true
2023-03-14 11:36:23,904 [INFO] ApiDb:448 - Save user favorites file C:\Users\fcvaz/.stm32cubeide/favorites.mcus.txt: 0 item(s)
2023-03-14 11:36:23,905 [INFO] ApiDb:452 - User favorites MCUs=[]
2023-03-14 11:36:23,911 [INFO] ApiDb:448 - Save user favorites file C:\Users\fcvaz/.stm32cubeide/favorites.boards.txt: 0 item(s)
2023-03-14 11:36:23,911 [INFO] ApiDb:452 - User favorites Boards=[]
2023-03-14 11:38:50,553 [INFO] MainUpdater:2854 - connection check result : 10
2023-03-14 11:38:50,734 [INFO] McuFinderGlobals:66 - Set McuFinderConnectedMode to true
2023-03-14 11:38:50,735 [INFO] MultiScanPanel:200 - Auto-refresh data requested => check proxy status ongoing
2023-03-14 11:38:50,735 [INFO] FinderPluginLoader:95 - Searching for filters in installed packs
2023-03-14 11:38:52,126 [INFO] LoadUrlFilesThread:185 - End of LoadServerUrlFiles without Thread
2023-03-14 11:38:52,126 [INFO] DetailPanel:341 - Set advertising image to C:/Users/fcvaz/STM32Cube/Repository/\en.prom-stm32h5-mcu-finder.jpg
2023-03-14 11:38:55,815 [INFO] MultiScanPanel:200 - Auto-refresh data requested => check proxy status ongoing
2023-03-14 11:38:55,896 [INFO] LoadUrlFilesThread:185 - End of LoadServerUrlFiles without Thread
2023-03-14 11:38:55,896 [INFO] DetailPanel:341 - Set advertising image to C:/Users/fcvaz/STM32Cube/Repository/\en.prom-stm32h5-mcu-finder.jpg
2023-03-14 11:40:20,546 [INFO] MainUpdater:2854 - connection check result : 10
2023-03-14 11:40:20,547 [INFO] MainUpdater:2854 - connection check result : 10
2023-03-14 11:40:20,909 [INFO] MicroXplorer:468 - Change Database Path : 
2023-03-14 11:40:20,909 [INFO] MicroXplorer:498 - Change Database Version : DB.6.0.80
2023-03-14 11:40:20,933 [WARN] ThirdParty:871 - waiting for thirdparty lock release [close project]
2023-03-14 11:40:20,934 [INFO] ThirdParty:873 - entering critical section [close project]
2023-03-14 11:40:20,935 [INFO] ThirdParty:883 - exiting critical section [close project]
2023-03-14 11:40:20,937 [INFO] PinOutPanel:1499 - setPackage(No Configuration,No Configuration)
2023-03-14 11:40:20,956 [INFO] UtilMem:75 - Begin LoadConfig() Used Memory: 465483272 Bytes (671088640)
2023-03-14 11:40:20,958 [INFO] OpenFileManager:308 - Change cursor
2023-03-14 11:40:20,984 [INFO] RulesReader:64 - Compatibility file has been processed (293 Rules)
2023-03-14 11:40:20,992 [INFO] ProjectFactory:402 - No CPN specified for board NUCLEO-L4R5ZI => set CPN to STM32L4R5ZIT6
2023-03-14 11:40:20,992 [INFO] Mcu:1937 - Initializing MCU STM32L4R5Z(G-I)Tx STM32L4R5ZITx STM32L4R5ZIT6
2023-03-14 11:40:25,006 [INFO] Context:659 - Trying to add GPIOservice into a context  which must be forbidden
2023-03-14 11:40:25,760 [INFO] Rule:228 - rule 117617 - U5Cobra4M][GTZC] default value MPCBB3 and MPCBB5 - Not Secured memory - MPCBB1 is applicable
2023-03-14 11:40:25,760 [INFO] Rule:228 - rule 117617 - U5Cobra4M][GTZC] default value MPCBB3 and MPCBB5 - Not Secured memory - MPCBB1 is applicable
2023-03-14 11:40:25,761 [INFO] Rule:228 - rule 117617 - U5Cobra4M][GTZC] default value MPCBB3 and MPCBB5 - Not Secured memory - MPCBB2 is applicable
2023-03-14 11:40:25,761 [INFO] Rule:228 - rule 117617 - U5Cobra4M][GTZC] default value MPCBB3 and MPCBB5 - Not Secured memory - MPCBB2 is applicable
2023-03-14 11:40:25,761 [INFO] Rule:228 - rule 117617 - U5Cobra4M][GTZC] default value MPCBB3 and MPCBB5 - Not Secured memory - MPCBB3 is applicable
2023-03-14 11:40:25,761 [INFO] Rule:228 - rule 117617 - U5Cobra4M][GTZC] default value MPCBB3 and MPCBB5 - Not Secured memory - MPCBB3 is applicable
2023-03-14 11:40:25,761 [INFO] Rule:228 - rule 117617 - U5Cobra4M][GTZC] default value MPCBB3 and MPCBB5 - Not Secured memory - MPCBB4 is applicable
2023-03-14 11:40:25,761 [INFO] Rule:228 - rule 117617 - U5Cobra4M][GTZC] default value MPCBB3 and MPCBB5 - Not Secured memory - MPCBB4 is applicable
2023-03-14 11:40:25,761 [INFO] Rule:228 - rule 117617 - U5Cobra4M][GTZC] default value MPCBB3 and MPCBB5 - Secured memory - MPCBB1 is applicable
2023-03-14 11:40:25,761 [INFO] Rule:228 - rule 117617 - U5Cobra4M][GTZC] default value MPCBB3 and MPCBB5 - Secured memory - MPCBB2 is applicable
2023-03-14 11:40:25,761 [INFO] Rule:228 - rule 117617 - U5Cobra4M][GTZC] default value MPCBB3 and MPCBB5 - Secured memory - MPCBB3 is applicable
2023-03-14 11:40:25,761 [INFO] Rule:228 - rule 117617 - U5Cobra4M][GTZC] default value MPCBB3 and MPCBB5 - Secured memory - MPCBB4 is applicable
2023-03-14 11:40:25,761 [INFO] Rule:228 - rule 117617 - U5Cobra4M][GTZC] default value MPCBB3 and MPCBB5 - Privileged memory - MPCBB1 is applicable
2023-03-14 11:40:25,761 [INFO] Rule:228 - rule 117617 - U5Cobra4M][GTZC] default value MPCBB3 and MPCBB5 - Privileged memory - MPCBB2 is applicable
2023-03-14 11:40:25,761 [INFO] Rule:228 - rule 117617 - U5Cobra4M][GTZC] default value MPCBB3 and MPCBB5 - Privileged memory - MPCBB3 is applicable
2023-03-14 11:40:25,762 [INFO] Rule:228 - rule 117617 - U5Cobra4M][GTZC] default value MPCBB3 and MPCBB5 - Privileged memory - MPCBB4 is applicable
2023-03-14 11:40:25,762 [INFO] Rule:228 - rule 117617 - U5Cobra4M][GTZC] default value MPCBB3 and MPCBB5 - Not Privileged memory - MPCBB1 is applicable
2023-03-14 11:40:25,762 [INFO] Rule:228 - rule 117617 - U5Cobra4M][GTZC] default value MPCBB3 and MPCBB5 - Not Privileged memory - MPCBB2 is applicable
2023-03-14 11:40:25,762 [INFO] Rule:228 - rule 117617 - U5Cobra4M][GTZC] default value MPCBB3 and MPCBB5 - Not Privileged memory - MPCBB3 is applicable
2023-03-14 11:40:25,762 [INFO] Rule:228 - rule 117617 - U5Cobra4M][GTZC] default value MPCBB3 and MPCBB5 - Not Privileged memory - MPCBB4 is applicable
2023-03-14 11:40:25,762 [INFO] Rule:228 - rule 117617 - U5Cobra4M][GTZC] default value MPCBB3 and MPCBB5 - Privileged memory - MPCBB1 is applicable
2023-03-14 11:40:25,762 [INFO] Rule:228 - rule 117617 - U5Cobra4M][GTZC] default value MPCBB3 and MPCBB5 - Privileged memory - MPCBB2 is applicable
2023-03-14 11:40:25,762 [INFO] Rule:228 - rule 117617 - U5Cobra4M][GTZC] default value MPCBB3 and MPCBB5 - Privileged memory - MPCBB3 is applicable
2023-03-14 11:40:25,762 [INFO] Rule:228 - rule 117617 - U5Cobra4M][GTZC] default value MPCBB3 and MPCBB5 - Privileged memory - MPCBB4 is applicable
2023-03-14 11:40:25,762 [INFO] Rule:228 - rule 117617 - U5Cobra4M][GTZC] default value MPCBB3 and MPCBB5 - Privileged memory - MPCBB1 is applicable
2023-03-14 11:40:25,762 [INFO] Rule:228 - rule 117617 - U5Cobra4M][GTZC] default value MPCBB3 and MPCBB5 - Privileged memory - MPCBB2 is applicable
2023-03-14 11:40:25,762 [INFO] Rule:228 - rule 117617 - U5Cobra4M][GTZC] default value MPCBB3 and MPCBB5 - Privileged memory - MPCBB3 is applicable
2023-03-14 11:40:25,762 [INFO] Rule:228 - rule 117617 - U5Cobra4M][GTZC] default value MPCBB3 and MPCBB5 - Privileged memory - MPCBB4 is applicable
2023-03-14 11:40:25,763 [INFO] Rule:228 - rule 117617 - U5Cobra4M][GTZC] default value MPCBB3 and MPCBB5 - Not Privileged memory - MPCBB1 is applicable
2023-03-14 11:40:25,763 [INFO] Rule:228 - rule 117617 - U5Cobra4M][GTZC] default value MPCBB3 and MPCBB5 - Not Privileged memory - MPCBB2 is applicable
2023-03-14 11:40:25,763 [INFO] Rule:228 - rule 117617 - U5Cobra4M][GTZC] default value MPCBB3 and MPCBB5 - Not Privileged memory - MPCBB3 is applicable
2023-03-14 11:40:25,763 [INFO] Rule:228 - rule 117617 - U5Cobra4M][GTZC] default value MPCBB3 and MPCBB5 - Not Privileged memory - MPCBB4 is applicable
2023-03-14 11:40:25,763 [INFO] Rule:228 - rule 117617 - U5Cobra4M][GTZC] default value MPCBB3 and MPCBB5 - Privileged memory - MPCBB1 is applicable
2023-03-14 11:40:25,763 [INFO] Rule:228 - rule 117617 - U5Cobra4M][GTZC] default value MPCBB3 and MPCBB5 - Privileged memory - MPCBB2 is applicable
2023-03-14 11:40:25,763 [INFO] Rule:228 - rule 117617 - U5Cobra4M][GTZC] default value MPCBB3 and MPCBB5 - Privileged memory - MPCBB3 is applicable
2023-03-14 11:40:25,763 [INFO] Rule:228 - rule 117617 - U5Cobra4M][GTZC] default value MPCBB3 and MPCBB5 - Privileged memory - MPCBB4 is applicable
2023-03-14 11:40:25,764 [INFO] Rule:228 - rule Rename SubGHz_Phy SUBGHZ_APPLICATION SUBGHZ_PINGPONG to SUBGHZ_ADV_APPLICATION is applicable
2023-03-14 11:40:25,764 [INFO] Rule:228 - rule Rename Enabled to IBEACON is applicable
2023-03-14 11:40:25,764 [INFO] Rule:228 - rule GTZC_S instance for project manager is applicable
2023-03-14 11:40:25,764 [INFO] Rule:228 - rule GTZC_S instance for context M33S is applicable
2023-03-14 11:40:25,764 [INFO] Rule:228 - rule GTZC_S instance value for IP GTZC is applicable
2023-03-14 11:40:25,764 [INFO] Rule:228 - rule GTZC_S instance for mcu.IP is applicable
2023-03-14 11:40:25,764 [INFO] Rule:228 - rule GTZC_S instance for VP is applicable
2023-03-14 11:40:25,764 [INFO] Rule:228 - rule GTZC_S instance for signal is applicable
2023-03-14 11:40:25,764 [INFO] Rule:228 - rule GTZC_S instance for mcu.Pin is applicable
2023-03-14 11:40:25,764 [INFO] Rule:228 - rule GTZC_S instance for VP is applicable
2023-03-14 11:40:25,764 [INFO] Rule:228 - rule GTZC_S instance for signal is applicable
2023-03-14 11:40:25,764 [INFO] Rule:228 - rule GTZC_S instance for mcu is applicable
2023-03-14 11:40:25,764 [INFO] Rule:228 - rule GTZC_S instance for mcu.Pin is applicable
2023-03-14 11:40:25,764 [INFO] Rule:228 - rule GTZC_S instance value for IP GTZC is applicable
2023-03-14 11:40:25,765 [INFO] Rule:228 - rule GTZC_S instance for project manager is applicable
2023-03-14 11:40:25,765 [INFO] Rule:228 - rule GTZC_S instance for context M33S is applicable
2023-03-14 11:40:25,765 [INFO] Rule:228 - rule GTZC_S instance for VP is applicable
2023-03-14 11:40:25,765 [INFO] Rule:228 - rule GTZC_S instance for signal is applicable
2023-03-14 11:40:25,765 [INFO] Rule:228 - rule SPDIFRX instance for mcu is applicable
2023-03-14 11:40:25,765 [INFO] Rule:228 - rule Rename Tracer Mode is applicable
2023-03-14 11:40:25,765 [INFO] Rule:228 - rule SPDIFRX instance value for IP SPDIFRX is applicable
2023-03-14 11:40:25,765 [INFO] Rule:228 - rule SPDIFRX instance for signal is applicable
2023-03-14 11:40:25,765 [INFO] Rule:228 - rule SPDIFRX instance for project manager is applicable
2023-03-14 11:40:25,765 [INFO] Rule:228 - rule SPDIFRX instance for project manager is applicable
2023-03-14 11:40:25,765 [INFO] Rule:228 - rule ADC Scan  fix with FW F7 is applicable
2023-03-14 11:40:25,765 [INFO] Rule:228 - rule ADC Scan  fix with FW F7 is applicable
2023-03-14 11:40:25,765 [INFO] Rule:228 - rule WakeUp0 Mode is applicable
2023-03-14 11:40:25,765 [INFO] Rule:228 - rule WakeUp0 SIGNAL is applicable
2023-03-14 11:40:25,766 [INFO] Rule:228 - rule WakeUp1 Mode is applicable
2023-03-14 11:40:25,766 [INFO] Rule:228 - rule WakeUp1 SIGNAL is applicable
2023-03-14 11:40:25,766 [INFO] Rule:228 - rule WakeUp2 Mode is applicable
2023-03-14 11:40:25,766 [INFO] Rule:228 - rule WakeUp2 SIGNAL is applicable
2023-03-14 11:40:25,766 [INFO] Rule:228 - rule WakeUp4 Mode is applicable
2023-03-14 11:40:25,766 [INFO] Rule:228 - rule WakeUp4 SIGNAL is applicable
2023-03-14 11:40:25,766 [INFO] Rule:228 - rule WakeUp5 Mode is applicable
2023-03-14 11:40:25,766 [INFO] Rule:228 - rule WakeUp5 SIGNAL is applicable
2023-03-14 11:40:25,766 [INFO] Rule:228 - rule Change Default Value for LSE Drive Capability for WB family is applicable
2023-03-14 11:40:25,766 [INFO] Rule:228 - rule Change Default Value for ADC Clock Prescaler G0 family is applicable
2023-03-14 11:40:25,766 [INFO] Rule:228 - rule Rename AES DataEncryptionTypesList to Algorithm is applicable
2023-03-14 11:40:25,767 [INFO] Rule:228 - rule Rename TDESECB to CRYP_TDES_ECB is applicable
2023-03-14 11:40:25,768 [INFO] Rule:228 - rule Rename TDESCBC to CRYP_TDES_CBC is applicable
2023-03-14 11:40:25,768 [INFO] Rule:228 - rule Rename DESECB to CRYP_DES_ECB is applicable
2023-03-14 11:40:25,768 [INFO] Rule:228 - rule Rename DESCBC to CRYP_DES_CBC is applicable
2023-03-14 11:40:25,768 [INFO] Rule:228 - rule Rename AESECB to CRYP_AES_ECB is applicable
2023-03-14 11:40:25,768 [INFO] Rule:228 - rule Rename AESCBC to CRYP_AES_CBC is applicable
2023-03-14 11:40:25,768 [INFO] Rule:228 - rule Rename AESCTR to CRYP_AES_CTR is applicable
2023-03-14 11:40:25,768 [INFO] Rule:228 - rule Rename AESGCM to CRYP_AES_GCM is applicable
2023-03-14 11:40:25,768 [INFO] Rule:228 - rule Rename AESCCM to CRYP_AES_CCM is applicable
2023-03-14 11:40:25,769 [INFO] Rule:228 - rule Rename CAN TimeSeg1 to BS1 is applicable
2023-03-14 11:40:25,769 [INFO] Rule:228 - rule Rename CAN TimeSeg2 to BS2 is applicable
2023-03-14 11:40:25,769 [INFO] Rule:228 - rule Rename CAN SyncJumpWidth to SJW is applicable
2023-03-14 11:40:25,770 [INFO] Rule:228 - rule TimeTriggeredMode to TTCM is applicable
2023-03-14 11:40:25,770 [INFO] Rule:228 - rule Rename CAN AutoBusOff to ABOM is applicable
2023-03-14 11:40:25,771 [INFO] Rule:228 - rule Rename CAN AutoWakeUp to AWUM is applicable
2023-03-14 11:40:25,771 [INFO] Rule:228 - rule Rename CAN AutoRetransmission to NART is applicable
2023-03-14 11:40:25,771 [INFO] Rule:228 - rule Rename CAN ReceiveFifoLocked to RFLM is applicable
2023-03-14 11:40:25,771 [INFO] Rule:228 - rule Rename CAN TransmitFifoPriority to TXFP is applicable
2023-03-14 11:40:25,772 [INFO] Rule:228 - rule FDCAN_R1 - Rename FDCAN mode Master into Classic is applicable
2023-03-14 11:40:25,772 [INFO] Rule:228 - rule FDCAN_R2 - Rename FDCAN mode Slave into Classic is applicable
2023-03-14 11:40:25,772 [INFO] Rule:228 - rule FDCAN1_R3 - if PA10.Mode=FullDuplex, add Pin PA12 is applicable
2023-03-14 11:40:25,772 [INFO] Rule:228 - rule FDCAN1_R3 - if PA9.Mode=FullDuplex, add Pin PA11 is applicable
2023-03-14 11:40:25,772 [INFO] Rule:228 - rule FDCAN1_R3 - Alternatepin_1 - if PE1.Mode=FullDuplex, add Pin PB9 is applicable
2023-03-14 11:40:25,772 [INFO] Rule:228 - rule FDCAN1_R3 - Alternatepin_1 - if PE0.Mode=FullDuplex, add Pin PB8 is applicable
2023-03-14 11:40:25,772 [INFO] Rule:228 - rule FDCAN1_R3 - Alternatepin_2 - if PD5.Mode=FullDuplex, add Pin PD1 is applicable
2023-03-14 11:40:25,772 [INFO] Rule:228 - rule FDCAN1_R3 - Alternatepin_2 - if PD4.Mode=FullDuplex, add Pin PD0 is applicable
2023-03-14 11:40:25,772 [INFO] Rule:228 - rule FDCAN1_R4 - Rename Mode FullDuplex into Enable FDCAN_TXFD for pin PA10 is applicable
2023-03-14 11:40:25,772 [INFO] Rule:228 - rule FDCAN1_R4 - Rename Mode FullDuplex into Enable FDCAN_TXFD for pin PA9 is applicable
2023-03-14 11:40:25,772 [INFO] Rule:228 - rule FDCAN1_R4 - Alternatepin_1 - Rename Mode FullDuplex into Enable FDCAN_TXFD for pin PE1 is applicable
2023-03-14 11:40:25,772 [INFO] Rule:228 - rule FDCAN1_R4 - Alternatepin_1 - Rename Mode FullDuplex into Enable FDCAN_TXFD for pin PE0 is applicable
2023-03-14 11:40:25,772 [INFO] Rule:228 - rule FDCAN1_R4 - Alternatepin_2 - Rename Mode FullDuplex into Enable FDCAN_TXFD for pin PD5 is applicable
2023-03-14 11:40:25,772 [INFO] Rule:228 - rule FDCAN1_R4 - Alternatepin_2 - Rename Mode FullDuplex into Enable FDCAN_TXFD for pin PD4 is applicable
2023-03-14 11:40:25,772 [INFO] Rule:228 - rule FDCAN2_R3 - if PD10.Mode=FullDuplex, add Pin PB13 is applicable
2023-03-14 11:40:25,772 [INFO] Rule:228 - rule FDCAN2_R3 - if PD9.Mode=FullDuplex, add Pin PB12 is applicable
2023-03-14 11:40:25,773 [INFO] Rule:228 - rule FDCAN2_R3 - Alternatepin_1 - if PB7.Mode=FullDuplex, add Pin PB6 is applicable
2023-03-14 11:40:25,773 [INFO] Rule:228 - rule FDCAN2_R3 - Alternatepin_1 - if PD9.Mode=FullDuplex, add Pin PB12 is applicable
2023-03-14 11:40:25,773 [INFO] Rule:228 - rule FDCAN2_R4 - Rename Mode FullDuplex into Enable FDCAN_TXFD for pin PD10 is applicable
2023-03-14 11:40:25,773 [INFO] Rule:228 - rule FDCAN2_R4 - Rename Mode FullDuplex into Enable FDCAN_TXFD for pin PD9 is applicable
2023-03-14 11:40:25,773 [INFO] Rule:228 - rule FDCAN2_R4 - Alternatepin_1 - Rename Mode FullDuplex into Enable FDCAN_TXFD for pin PB7 is applicable
2023-03-14 11:40:25,773 [INFO] Rule:228 - rule FDCAN2_R4 - Alternatepin_1 - Rename Mode FullDuplex into Enable FDCAN_TXFD for pin PD6 is applicable
2023-03-14 11:40:25,773 [INFO] Rule:228 - rule USART TxPinLevelInvertParam Mode is applicable
2023-03-14 11:40:25,773 [INFO] Rule:228 - rule USART RxPinLevelInvertParam Mode is applicable
2023-03-14 11:40:25,773 [INFO] Rule:228 - rule USART DataInvertParam Mode is applicable
2023-03-14 11:40:25,773 [INFO] Rule:228 - rule USART SwapParam Mode is applicable
2023-03-14 11:40:25,773 [INFO] Rule:228 - rule USART OverrunDisableParam Mode is applicable
2023-03-14 11:40:25,773 [INFO] Rule:228 - rule USART DMADisableonRxErrorParam Mode is applicable
2023-03-14 11:40:25,773 [INFO] Rule:228 - rule USART MSBFirstParam Mode is applicable
2023-03-14 11:40:25,774 [INFO] Rule:228 - rule Update MwName for USB_DEVICE is applicable
2023-03-14 11:40:25,774 [INFO] Rule:228 - rule Change PWR_Regulator_Voltage_Scale Default Value for RCC  H7 family is applicable
2023-03-14 11:40:25,774 [INFO] Rule:228 - rule UART/USART IPParameter rename Prescaler parameter to ClockPrescaler is applicable
2023-03-14 11:40:25,774 [INFO] Rule:228 - rule UART/USART Prescaler rename Prescaler parameter to ClockPrescaler is applicable
2023-03-14 11:40:25,774 [INFO] Rule:228 - rule TIM1CLockSelection is applicable
2023-03-14 11:40:25,774 [INFO] Rule:228 - rule TIM15CLockSelection is applicable
2023-03-14 11:40:25,774 [INFO] Rule:228 - rule align RCC SDMMC3CLockSelection default value on MP1 is applicable
2023-03-14 11:40:25,774 [INFO] Rule:228 - rule align RCC SDMMC12CLockSelection default value on MP1 is applicable
2023-03-14 11:40:25,774 [INFO] Rule:228 - rule align RCC QSPICLockSelection default value on MP1 is applicable
2023-03-14 11:40:25,774 [INFO] Rule:228 - rule align RCC QSPICLockSelection default value on MP1 is applicable
2023-03-14 11:40:25,774 [INFO] Rule:228 - rule align RCC SPI6CLockSelection default value on MP1 is applicable
2023-03-14 11:40:25,774 [INFO] Rule:228 - rule align RCC LPTIM23CLockSelection default value on MP1 is applicable
2023-03-14 11:40:25,774 [INFO] Rule:228 - rule align RCC LPTIM1CLockSelection default value on MP1 is applicable
2023-03-14 11:40:25,775 [INFO] Rule:228 - rule align RCC USART1CLockSelection default value on MP1 is applicable
2023-03-14 11:40:25,775 [INFO] Rule:228 - rule align RCC USART24CLockSelection default value on MP1 is applicable
2023-03-14 11:40:25,775 [INFO] Rule:228 - rule align RCC USART6CLockSelection default value on MP1 is applicable
2023-03-14 11:40:25,775 [INFO] Rule:228 - rule align RCC UART78CLockSelection default value on MP1 is applicable
2023-03-14 11:40:25,775 [INFO] Rule:228 - rule align RCC USART35CLockSelection default value on MP1 is applicable
2023-03-14 11:40:25,775 [INFO] Rule:228 - rule align RCC SPI45CLockSelection default value on MP1 is applicable
2023-03-14 11:40:25,775 [INFO] Rule:228 - rule align RCC I2C46CLockSelection BCLK value on MP1 is applicable
2023-03-14 11:40:25,775 [INFO] Rule:228 - rule align RCC SPI45CLockSelection default value on MP1 is applicable
2023-03-14 11:40:25,775 [INFO] Rule:228 - rule align RCC I2C12CLockSelection default value on MP1 is applicable
2023-03-14 11:40:25,775 [INFO] Rule:228 - rule align RCC I2C35CLockSelection default value on MP1 is applicable
2023-03-14 11:40:25,775 [INFO] Rule:228 - rule align RCC LPTIM45CLockSelection default value on MP1 is applicable
2023-03-14 11:40:25,775 [INFO] Rule:228 - rule Rename DCMI PIXCK signal is applicable
2023-03-14 11:40:25,775 [INFO] Rule:228 - rule Change Default Value for I2C46CLockSelection MP1 family is applicable
2023-03-14 11:40:25,775 [INFO] Rule:228 - rule Change Default Value for UART for G4, G0 and WB families is applicable
2023-03-14 11:40:25,775 [INFO] Rule:228 - rule Change Default Value for USART for G4, G0 and WB families is applicable
2023-03-14 11:40:25,775 [INFO] Rule:228 - rule Change Default Value for USART for G4 family is applicable
2023-03-14 11:40:25,776 [INFO] Rule:228 - rule Change USART1CLockSelection refparam name for MP1 is applicable
2023-03-14 11:40:25,776 [INFO] Rule:228 - rule Change USART2CLockSelection refparam name for MP1 is applicable
2023-03-14 11:40:25,776 [INFO] Rule:228 - rule Change USART3CLockSelection refparam name for MP1 is applicable
2023-03-14 11:40:25,776 [INFO] Rule:228 - rule Change UART4CLockSelection refparam name for MP1 is applicable
2023-03-14 11:40:25,776 [INFO] Rule:228 - rule Change UART5CLockSelection refparam name for MP1 is applicable
2023-03-14 11:40:25,776 [INFO] Rule:228 - rule Change LPUART1CLockSelection refparam name for MP1 is applicable
2023-03-14 11:40:25,776 [INFO] Rule:228 - rule Change LPTIM1CLockSelection refparam name for MP1 is applicable
2023-03-14 11:40:25,776 [INFO] Rule:228 - rule Change LPTIM2CLockSelection refparam name for MP1 is applicable
2023-03-14 11:40:25,776 [INFO] Rule:228 - rule Change RCC_MCO1Source refparam name for MP1 is applicable
2023-03-14 11:40:25,776 [INFO] Rule:228 - rule Change LSCOSource1 refparam name for MP1 is applicable
2023-03-14 11:40:25,776 [INFO] Rule:228 - rule Change SMPSCLockSelection refparam name for MP1 is applicable
2023-03-14 11:40:25,776 [INFO] Rule:228 - rule Change LPTIM3CLockSelection refparam name for MP1 is applicable
2023-03-14 11:40:25,776 [INFO] Rule:228 - rule Change MPCBB* Default Template Mode to Parameters is applicable
2023-03-14 11:40:25,776 [INFO] Rule:228 - rule Change MPCWM* or MPCBB* Secure Mode to Parameters is applicable
2023-03-14 11:40:25,776 [INFO] Rule:228 - rule Change MPCWM* or MPCBB* No Secure Mode to Parameters is applicable
2023-03-14 11:40:25,776 [INFO] Rule:228 - rule Change TZSC IP Secure Mode to Parameters is applicable
2023-03-14 11:40:25,776 [INFO] Rule:228 - rule Change TZSC IP No Secure Mode to Parameters is applicable
2023-03-14 11:40:25,777 [INFO] Rule:228 - rule Change TZSC IP Privilege Mode to Parameters is applicable
2023-03-14 11:40:25,777 [INFO] Rule:228 - rule Change TZSC IP No Privilege Mode to Parameters is applicable
2023-03-14 11:40:25,777 [INFO] Rule:228 - rule Change TZIC IT Secure Mode to Parameters is applicable
2023-03-14 11:40:25,777 [INFO] Rule:228 - rule Change TZIC IT No Secure Mode to Parameters is applicable
2023-03-14 11:40:25,777 [INFO] Rule:228 - rule Add MPCBB1_NonSecureArea_Start_Address value with referenced to MPCBB1_NonSecureArea_Start value is applicable
2023-03-14 11:40:25,777 [INFO] Rule:228 - rule Add MPCBB2_NonSecureArea_Start_Address value with referenced to MPCBB2_NonSecureArea_Start value is applicable
2023-03-14 11:40:25,777 [INFO] Rule:228 - rule Add MPCWM1_NonSecureArea*_Start_Address value with referenced to MPCWM1_NonSecureArea*_Start value is applicable
2023-03-14 11:40:25,777 [INFO] Rule:228 - rule Add MPCWM2_NonSecureArea*_Start_Address value with referenced to MPCWM2_NonSecureArea*_Start value is applicable
2023-03-14 11:40:25,777 [INFO] Rule:228 - rule Add MPCWM3_NonSecureArea_Start_Address value with referenced to MPCWM3_NonSecureArea_Start value is applicable
2023-03-14 11:40:25,777 [INFO] Rule:228 - rule Change Default Value for PLL1UserDefinedConfig is applicable
2023-03-14 11:40:25,777 [INFO] Rule:228 - rule Change GPIO_PuPd Default Value for USART in async mode is applicable
2023-03-14 11:40:25,778 [INFO] Rule:228 - rule Change SMPSDivider Default Value is applicable
2023-03-14 11:40:25,778 [INFO] Rule:228 - rule OPAMP is applicable
2023-03-14 11:40:25,778 [INFO] Rule:228 - rule LPUART IPParameter rename Prescaler parameter to ClockPrescaler for STM32H7 is applicable
2023-03-14 11:40:25,778 [INFO] Rule:228 - rule LPUART IPParameter rename Prescaler parameter to ClockPrescaler for STM32H7 is applicable
2023-03-14 11:40:25,778 [INFO] Rule:228 - rule LPUART IPParameter rename Prescaler parameter to ClockPrescaler for STM32WB is applicable
2023-03-14 11:40:25,778 [INFO] Rule:228 - rule LPUART IPParameter rename Prescaler parameter to ClockPrescaler for STM32WB is applicable
2023-03-14 11:40:25,778 [INFO] Rule:228 - rule LPUART IPParameter rename Prescaler parameter to ClockPrescaler for STM32G4 is applicable
2023-03-14 11:40:25,779 [INFO] Rule:228 - rule LPUART IPParameter rename Prescaler parameter to ClockPrescaler for STM32G4 is applicable
2023-03-14 11:40:25,779 [INFO] Rule:228 - rule LPUART IPParameter rename Prescaler parameter to ClockPrescaler for STM32L5 is applicable
2023-03-14 11:40:25,779 [INFO] Rule:228 - rule LPUART IPParameter rename Prescaler parameter to ClockPrescaler for STM32L5 is applicable
2023-03-14 11:40:25,779 [INFO] Rule:228 - rule LPUART IPParameter rename Prescaler parameter to ClockPrescaler for STM32G4 is applicable
2023-03-14 11:40:25,779 [INFO] Rule:228 - rule LPUART IPParameter rename Prescaler parameter to ClockPrescaler for STM32G4 is applicable
2023-03-14 11:40:25,779 [INFO] Rule:228 - rule USB device lib V2.5.3 for L0 rename USBD_SUPPORT_USER_STRING parameter to USBD_SUPPORT_USER_STRING_DESC4 is applicable
2023-03-14 11:40:25,779 [INFO] Rule:228 - rule I2SCLockSelection clock entry align is applicable
2023-03-14 11:40:25,779 [INFO] Rule:228 - rule Assign TIMx context if used as SYS timebase is applicable
2023-03-14 11:40:25,779 [INFO] Rule:228 - rule Change GPIO_Pu Default Value for I2C is applicable
2023-03-14 11:40:25,779 [INFO] Rule:228 - rule Change GPIO_Pu Default Value for SMBus is applicable
2023-03-14 11:40:25,779 [INFO] Rule:228 - rule change FDCAN default value is applicable
2023-03-14 11:40:25,779 [INFO] Rule:228 - rule Change mode sai is applicable
2023-03-14 11:40:25,779 [INFO] Rule:228 - rule **Change sai mode is applicable
2023-03-14 11:40:25,791 [INFO] DbConfProperties:307 - Apply Compatibility (21/199 Rules)
2023-03-14 11:40:25,813 [INFO] ImportTextPane:194 - (OptionalMessage_ERROR) Unable to find key (Mcu.ThirdPartyNb) in loaded IOC file
2023-03-14 11:40:25,924 [INFO] RtosManager:555 - Registered RTOS mode: class=CMSIS, group=RTOS, mode=CMSIS_V1, owner=FREERTOS
2023-03-14 11:40:25,925 [INFO] RtosManager:555 - Registered RTOS mode: class=CMSIS, group=RTOS2, mode=CMSIS_V2, owner=FREERTOS
2023-03-14 11:40:25,925 [INFO] RtosManager:555 - Registered RTOS mode: class=RTOS, group=Core, mode=CMSIS_V1, owner=FREERTOS
2023-03-14 11:40:25,925 [INFO] RtosManager:555 - Registered RTOS mode: class=RTOS, group=Core, mode=CMSIS_V2, owner=FREERTOS
2023-03-14 11:40:25,925 [WARN] ModelIntegratedComponent:184 - Missing modes for component STMicroelectronics:FreeRTOS:0.0.1:STMicroelectronics:RTOS:FreeRTOS:Core:::10.2.0:
2023-03-14 11:40:25,940 [WARN] ModelIntegratedComponent:63 - No mode defined for component null
2023-03-14 11:40:25,940 [WARN] ModelIntegratedComponent:63 - No mode defined for component null
2023-03-14 11:40:25,940 [WARN] ModelIntegratedComponent:63 - No mode defined for component null
2023-03-14 11:40:25,941 [WARN] ModelIntegratedComponent:63 - No mode defined for component null
2023-03-14 11:40:25,941 [WARN] ModelIntegratedComponent:63 - No mode defined for component null
2023-03-14 11:40:25,941 [WARN] ModelIntegratedComponent:63 - No mode defined for component null
2023-03-14 11:40:25,941 [WARN] ModelIntegratedComponent:63 - No mode defined for component null
2023-03-14 11:40:25,941 [WARN] ModelIntegratedComponent:63 - No mode defined for component null
2023-03-14 11:40:25,941 [WARN] ModelIntegratedComponent:63 - No mode defined for component null
2023-03-14 11:40:25,941 [WARN] ModelIntegratedComponent:63 - No mode defined for component null
2023-03-14 11:40:25,941 [WARN] ModelIntegratedComponent:63 - No mode defined for component null
2023-03-14 11:40:25,941 [WARN] ModelIntegratedComponent:63 - No mode defined for component null
2023-03-14 11:40:25,941 [WARN] ModelIntegratedComponent:63 - No mode defined for component null
2023-03-14 11:40:25,942 [WARN] ModelIntegratedComponent:63 - No mode defined for component null
2023-03-14 11:40:25,942 [WARN] ModelIntegratedComponent:63 - No mode defined for component null
2023-03-14 11:40:25,942 [WARN] ModelIntegratedComponent:63 - No mode defined for component null
2023-03-14 11:40:25,942 [WARN] ModelIntegratedComponent:63 - No mode defined for component null
2023-03-14 11:40:25,942 [WARN] ModelIntegratedComponent:63 - No mode defined for component null
2023-03-14 11:40:25,942 [WARN] ModelIntegratedComponent:63 - No mode defined for component null
2023-03-14 11:40:25,942 [WARN] ModelIntegratedComponent:63 - No mode defined for component null
2023-03-14 11:40:25,942 [WARN] ModelIntegratedComponent:63 - No mode defined for component null
2023-03-14 11:40:25,942 [WARN] ModelIntegratedComponent:63 - No mode defined for component null
2023-03-14 11:40:25,943 [WARN] ModelIntegratedComponent:63 - No mode defined for component null
2023-03-14 11:40:25,943 [WARN] ModelIntegratedComponent:63 - No mode defined for component null
2023-03-14 11:40:25,943 [WARN] ModelIntegratedComponent:63 - No mode defined for component null
2023-03-14 11:40:25,943 [WARN] ModelIntegratedComponent:63 - No mode defined for component null
2023-03-14 11:40:25,943 [WARN] ModelIntegratedComponent:63 - No mode defined for component null
2023-03-14 11:40:25,943 [WARN] ModelIntegratedComponent:63 - No mode defined for component null
2023-03-14 11:40:25,943 [WARN] ModelIntegratedComponent:63 - No mode defined for component null
2023-03-14 11:40:25,943 [WARN] ModelIntegratedComponent:63 - No mode defined for component null
2023-03-14 11:40:25,943 [WARN] ModelIntegratedComponent:63 - No mode defined for component null
2023-03-14 11:40:25,943 [WARN] ModelIntegratedComponent:63 - No mode defined for component null
2023-03-14 11:40:25,944 [WARN] ModelIntegratedComponent:63 - No mode defined for component null
2023-03-14 11:40:26,146 [INFO] ThirdPartyModel:298 - Start build external matchings
2023-03-14 11:40:26,547 [INFO] ThirdPartyModel:316 - End build external matchings
2023-03-14 11:40:26,557 [INFO] ImportTextPane:194 - (OptionalMessage_ERROR) IP (RCC) : Invalid parameter (48MHZClocksFreq_Value)
2023-03-14 11:40:26,557 [INFO] ImportTextPane:194 - (OptionalMessage_ERROR) IP (RCC) : Invalid parameter (ADC12outputFreq_Value)
2023-03-14 11:40:26,557 [INFO] ImportTextPane:194 - (OptionalMessage_ERROR) IP (RCC) : Invalid parameter (ADC34outputFreq_Value)
2023-03-14 11:40:26,557 [INFO] ImportTextPane:194 - (OptionalMessage_ERROR) IP (RCC) : Invalid parameter (DFSDM2Freq_Value)
2023-03-14 11:40:26,557 [INFO] ImportTextPane:194 - (OptionalMessage_ERROR) IP (RCC) : Invalid parameter (EthernetFreq_Value)
2023-03-14 11:40:26,557 [INFO] ImportTextPane:194 - (OptionalMessage_ERROR) IP (RCC) : Invalid parameter (FMPI2C1Freq_Value)
2023-03-14 11:40:26,557 [INFO] ImportTextPane:194 - (OptionalMessage_ERROR) IP (RCC) : Invalid parameter (FamilyName)
2023-03-14 11:40:26,558 [INFO] ImportTextPane:194 - (OptionalMessage_ERROR) IP (RCC) : Invalid parameter (I2S1Freq_Value)
2023-03-14 11:40:26,558 [INFO] ImportTextPane:194 - (OptionalMessage_ERROR) IP (RCC) : Invalid parameter (I2S2Freq_Value)
2023-03-14 11:40:26,558 [INFO] ImportTextPane:194 - (OptionalMessage_ERROR) IP (RCC) : Invalid parameter (I2SClocksFreq_Value)
2023-03-14 11:40:26,558 [INFO] ImportTextPane:194 - (OptionalMessage_ERROR) IP (RCC) : Invalid parameter (LPTimerFreq_Value)
2023-03-14 11:40:26,558 [INFO] ImportTextPane:194 - (OptionalMessage_ERROR) IP (RCC) : Invalid parameter (MCO2PinFreq_Value)
2023-03-14 11:40:26,558 [INFO] ImportTextPane:194 - (OptionalMessage_ERROR) IP (RCC) : Invalid parameter (MCOFreq_Value)
2023-03-14 11:40:26,558 [INFO] ImportTextPane:194 - (OptionalMessage_ERROR) IP (RCC) : Invalid parameter (PLLCLKFreq_Value)
2023-03-14 11:40:26,559 [INFO] ImportTextPane:194 - (OptionalMessage_ERROR) IP (RCC) : Parameter (PLLDSIVCOFreq_Value) has invalid value (320000000)
2023-03-14 11:40:26,559 [INFO] ImportTextPane:194 - (OptionalMessage_ERROR) IP (RCC) : Invalid parameter (PLLI2SPCLKFreq_Value)
2023-03-14 11:40:26,559 [INFO] ImportTextPane:194 - (OptionalMessage_ERROR) IP (RCC) : Invalid parameter (PLLI2SQCLKFreq_Value)
2023-03-14 11:40:26,559 [INFO] ImportTextPane:194 - (OptionalMessage_ERROR) IP (RCC) : Invalid parameter (PLLI2SQoutputFreq_Value)
2023-03-14 11:40:26,559 [INFO] ImportTextPane:194 - (OptionalMessage_ERROR) IP (RCC) : Invalid parameter (PLLI2SRCLKFreq_Value)
2023-03-14 11:40:26,559 [INFO] ImportTextPane:194 - (OptionalMessage_ERROR) IP (RCC) : Invalid parameter (PLLI2SoutputFreq_Value)
2023-03-14 11:40:26,559 [INFO] ImportTextPane:194 - (OptionalMessage_ERROR) IP (RCC) : Invalid parameter (PLLMCOFreq_Value)
2023-03-14 11:40:26,559 [INFO] ImportTextPane:194 - (OptionalMessage_ERROR) IP (RCC) : Invalid parameter (PLLMUL)
2023-03-14 11:40:26,560 [INFO] ImportTextPane:194 - (OptionalMessage_ERROR) IP (RCC) : Invalid parameter (PLLQCLKFreq_Value)
2023-03-14 11:40:26,560 [INFO] ImportTextPane:194 - (OptionalMessage_ERROR) IP (RCC) : Invalid parameter (PLLRoutputFreq_Value)
2023-03-14 11:40:26,561 [INFO] ImportTextPane:194 - (OptionalMessage_ERROR) IP (RCC) : Invalid parameter (PRESCALERUSB)
2023-03-14 11:40:26,562 [INFO] ImportTextPane:194 - (OptionalMessage_ERROR) IP (RCC) : Invalid parameter (RTCHSEDivFreq_Value)
2023-03-14 11:40:26,562 [INFO] ImportTextPane:194 - (OptionalMessage_ERROR) IP (RCC) : Invalid parameter (SAI1AFreq_Value)
2023-03-14 11:40:26,562 [INFO] ImportTextPane:194 - (OptionalMessage_ERROR) IP (RCC) : Invalid parameter (SAI1BFreq_Value)
2023-03-14 11:40:26,563 [INFO] ImportTextPane:194 - (OptionalMessage_ERROR) IP (RCC) : Invalid parameter (SDIOFreq_Value)
2023-03-14 11:40:26,563 [INFO] ImportTextPane:194 - (OptionalMessage_ERROR) IP (RCC) : Invalid parameter (SYSCLKSourceVirtual)
2023-03-14 11:40:26,563 [INFO] ImportTextPane:194 - (OptionalMessage_ERROR) IP (RCC) : Invalid parameter (TIM15Freq_Value)
2023-03-14 11:40:26,563 [INFO] ImportTextPane:194 - (OptionalMessage_ERROR) IP (RCC) : Invalid parameter (TIM16Freq_Value)
2023-03-14 11:40:26,563 [INFO] ImportTextPane:194 - (OptionalMessage_ERROR) IP (RCC) : Invalid parameter (TIM17Freq_Value)
2023-03-14 11:40:26,563 [INFO] ImportTextPane:194 - (OptionalMessage_ERROR) IP (RCC) : Invalid parameter (TIM1Freq_Value)
2023-03-14 11:40:26,564 [INFO] ImportTextPane:194 - (OptionalMessage_ERROR) IP (RCC) : Invalid parameter (TIM20Freq_Value)
2023-03-14 11:40:26,564 [INFO] ImportTextPane:194 - (OptionalMessage_ERROR) IP (RCC) : Invalid parameter (TIM2Freq_Value)
2023-03-14 11:40:26,564 [INFO] ImportTextPane:194 - (OptionalMessage_ERROR) IP (RCC) : Invalid parameter (TIM3Freq_Value)
2023-03-14 11:40:26,564 [INFO] ImportTextPane:194 - (OptionalMessage_ERROR) IP (RCC) : Invalid parameter (TIM8Freq_Value)
2023-03-14 11:40:26,564 [INFO] ImportTextPane:194 - (OptionalMessage_ERROR) IP (RCC) : Parameter (USBFreq_Value) has invalid value (16000000)
2023-03-14 11:40:26,564 [INFO] ImportTextPane:194 - (OptionalMessage_ERROR) IP (RCC) : Invalid parameter (VCOI2SInputFreq_Value)
2023-03-14 11:40:26,564 [INFO] ImportTextPane:194 - (OptionalMessage_ERROR) IP (RCC) : Invalid parameter (VCOI2SOutputFreq_Value)
2023-03-14 11:40:26,565 [INFO] ImportTextPane:194 - (OptionalMessage_ERROR) IP (RCC) : Invalid parameter (VCOInputMFreq_Value)
2023-03-14 11:40:26,565 [INFO] ImportTextPane:194 - (OptionalMessage_ERROR) IP (RCC) : Invalid parameter (VCOOutput2Freq_Value)
2023-03-14 11:40:26,565 [INFO] ImportTextPane:194 - (OptionalMessage_ERROR) IP (RCC) : Invalid parameter (VcooutputI2S)
2023-03-14 11:40:27,141 [INFO] UtilMem:75 - End LoadConfig() Used Memory: 579113768 Bytes (671088640)
2023-03-14 11:40:27,205 [WARN] ThirdParty:833 - waiting for thirdparty lock release [change project]
2023-03-14 11:40:27,207 [INFO] ThirdParty:835 - entering critical section [change project]
2023-03-14 11:40:27,207 [INFO] ThirdParty:1030 - CMSIS Pack Vendor :STMicroelectronics X-CUBE-ISPU 1.1.0
2023-03-14 11:40:27,207 [INFO] ThirdParty:1030 - CMSIS Pack Vendor :RoweBots I-CUBE-UNISONRTOS 5.5.0-4
2023-03-14 11:40:27,207 [INFO] ThirdParty:1030 - CMSIS Pack Vendor :STMicroelectronics X-CUBE-GNSS1 6.0.0
2023-03-14 11:40:27,207 [INFO] ThirdParty:1030 - CMSIS Pack Vendor :STMicroelectronics USB_HOST 2.0.0
2023-03-14 11:40:27,207 [INFO] ThirdParty:1030 - CMSIS Pack Vendor :STMicroelectronics X-CUBE-AZRTOS-F4 1.1.0
2023-03-14 11:40:27,207 [INFO] ThirdParty:1030 - CMSIS Pack Vendor :STMicroelectronics LIBJPEG 8.0.0
2023-03-14 11:40:27,207 [INFO] ThirdParty:1030 - CMSIS Pack Vendor :STMicroelectronics USB_DEVICE 3.0.0
2023-03-14 11:40:27,207 [INFO] ThirdParty:1030 - CMSIS Pack Vendor :STMicroelectronics X-CUBE-AI 8.0.0
2023-03-14 11:40:27,208 [INFO] ThirdParty:1030 - CMSIS Pack Vendor :STMicroelectronics X-CUBE-FREERTOS 1.0.0
2023-03-14 11:40:27,208 [INFO] ThirdParty:1030 - CMSIS Pack Vendor :STMicroelectronics X-CUBE-TOUCHGFX 4.21.1
2023-03-14 11:40:27,208 [INFO] ThirdParty:1030 - CMSIS Pack Vendor :STMicroelectronics X-CUBE-AZRTOS-F7 1.1.0
2023-03-14 11:40:27,208 [INFO] ThirdParty:1030 - CMSIS Pack Vendor :STMicroelectronics USB_DEVICE 2.0.0
2023-03-14 11:40:27,208 [INFO] ThirdParty:1030 - CMSIS Pack Vendor :STMicroelectronics X-CUBE-ALGOBUILD 1.3.0
2023-03-14 11:40:27,208 [INFO] ThirdParty:1030 - CMSIS Pack Vendor :STMicroelectronics X-CUBE-BLE1 6.2.4
2023-03-14 11:40:27,208 [INFO] ThirdParty:1030 - CMSIS Pack Vendor :STMicroelectronics X-CUBE-AZRTOS-L5 1.1.0
2023-03-14 11:40:27,208 [INFO] ThirdParty:1030 - CMSIS Pack Vendor :STMicroelectronics FreeRTOS 0.0.1
2023-03-14 11:40:27,209 [INFO] ThirdParty:1030 - CMSIS Pack Vendor :emotas I-CUBE-CANOPEN 1.1.3
2023-03-14 11:40:27,209 [INFO] ThirdParty:1030 - CMSIS Pack Vendor :STMicroelectronics X-CUBE-AZRTOS-G0 1.1.0
2023-03-14 11:40:27,209 [INFO] ThirdParty:1030 - CMSIS Pack Vendor :STMicroelectronics X-CUBE-BLEMGR 2.0.0
2023-03-14 11:40:27,209 [INFO] ThirdParty:1030 - CMSIS Pack Vendor :STMicroelectronics X-CUBE-SUBG2 5.0.0
2023-03-14 11:40:27,209 [INFO] ThirdParty:1030 - CMSIS Pack Vendor :STMicroelectronics X-CUBE-NFC4 3.0.0
2023-03-14 11:40:27,209 [INFO] ThirdParty:1030 - CMSIS Pack Vendor :STMicroelectronics STM32_WPAN 1.0.0
2023-03-14 11:40:27,209 [INFO] ThirdParty:1030 - CMSIS Pack Vendor :STMicroelectronics lwIP 2.0.3
2023-03-14 11:40:27,209 [INFO] ThirdParty:1030 - CMSIS Pack Vendor :STMicroelectronics USB_HOST 1.0.0
2023-03-14 11:40:27,209 [INFO] ThirdParty:1030 - CMSIS Pack Vendor :STMicroelectronics PDM2PCM 3.1.0
2023-03-14 11:40:27,209 [INFO] ThirdParty:1030 - CMSIS Pack Vendor :STMicroelectronics FP-ATR-ASTRA1 1.1.1
2023-03-14 11:40:27,209 [INFO] ThirdParty:1030 - CMSIS Pack Vendor :STMicroelectronics PDM2PCM 3.3.0
2023-03-14 11:40:27,209 [INFO] ThirdParty:1030 - CMSIS Pack Vendor :STMicroelectronics X-CUBE-DISPLAY 3.0.0
2023-03-14 11:40:27,210 [INFO] ThirdParty:1030 - CMSIS Pack Vendor :STMicroelectronics X-CUBE-AZRTOS-G4 1.0.0
2023-03-14 11:40:27,210 [INFO] ThirdParty:1030 - CMSIS Pack Vendor :STMicroelectronics FP-ATR-SIGFOX1 3.2.0
2023-03-14 11:40:27,210 [INFO] ThirdParty:1030 - CMSIS Pack Vendor :wolfSSL I-CUBE-wolfSSL 5.5.4
2023-03-14 11:40:27,210 [INFO] ThirdParty:1030 - CMSIS Pack Vendor :STMicroelectronics X-CUBE-AZRTOS-L4 1.0.0
2023-03-14 11:40:27,210 [INFO] ThirdParty:1030 - CMSIS Pack Vendor :STMicroelectronics HAL Drivers 0.0.0
2023-03-14 11:40:27,210 [INFO] ThirdParty:1030 - CMSIS Pack Vendor :STMicroelectronics MBEDTLS 2.16.2
2023-03-14 11:40:27,210 [INFO] ThirdParty:1030 - CMSIS Pack Vendor :STMicroelectronics MBEDTLS 2.14.1
2023-03-14 11:40:27,210 [INFO] ThirdParty:1030 - CMSIS Pack Vendor :STMicroelectronics X-CUBE-NFC7 1.0.0
2023-03-14 11:40:27,210 [INFO] ThirdParty:1030 - CMSIS Pack Vendor :STMicroelectronics X-CUBE-AZRTOS-WL 1.0.0
2023-03-14 11:40:27,210 [INFO] ThirdParty:1030 - CMSIS Pack Vendor :STMicroelectronics X-CUBE-EEPRMA1 4.1.0
2023-03-14 11:40:27,211 [INFO] ThirdParty:1030 - CMSIS Pack Vendor :portGmbH I-Cube-SoM-uGOAL 1.1.0
2023-03-14 11:40:27,211 [INFO] ThirdParty:1030 - CMSIS Pack Vendor :STMicroelectronics X-CUBE-ALS 1.0.1
2023-03-14 11:40:27,211 [INFO] ThirdParty:1030 - CMSIS Pack Vendor :STMicroelectronics X-CUBE-MEMS1 9.5.0
2023-03-14 11:40:27,211 [INFO] ThirdParty:1030 - CMSIS Pack Vendor :STMicroelectronics ThreadX 1.0.0
2023-03-14 11:40:27,211 [INFO] ThirdParty:1030 - CMSIS Pack Vendor :STMicroelectronics X-CUBE-AZRTOS-WB 1.1.0
2023-03-14 11:40:27,211 [INFO] ThirdParty:1030 - CMSIS Pack Vendor :SEGGER I-CUBE-embOS 1.3.1
2023-03-14 11:40:27,211 [INFO] ThirdParty:1030 - CMSIS Pack Vendor :STMicroelectronics USB_DEVICE 1.0.0
2023-03-14 11:40:27,211 [INFO] ThirdParty:1030 - CMSIS Pack Vendor :STMicroelectronics ThreadX 0.0.2
2023-03-14 11:40:27,212 [INFO] ThirdParty:1030 - CMSIS Pack Vendor :WES I-CUBE-Cesium 1.3.0
2023-03-14 11:40:27,212 [INFO] ThirdParty:1030 - CMSIS Pack Vendor :STMicroelectronics lwIP 2.1.2
2023-03-14 11:40:27,212 [INFO] ThirdParty:1030 - CMSIS Pack Vendor :STMicroelectronics X-CUBE-SFXS2LP1 4.0.0
2023-03-14 11:40:27,212 [INFO] ThirdParty:1030 - CMSIS Pack Vendor :STMicroelectronics X-CUBE-BLE2 3.3.0
2023-03-14 11:40:27,212 [INFO] ThirdParty:1030 - CMSIS Pack Vendor :STMicroelectronics X-CUBE-TOF1 3.2.0
2023-03-14 11:40:27,212 [INFO] ThirdParty:1030 - CMSIS Pack Vendor :STMicroelectronics PDM2PCM 3.2.0
2023-03-14 11:40:27,212 [INFO] ThirdParty:1030 - CMSIS Pack Vendor :STMicroelectronics X-CUBE-AZRTOS-H7 3.0.0
2023-03-14 11:40:27,213 [INFO] ThirdParty:841 - exiting critical section [change project]
2023-03-14 11:40:27,748 [INFO] PinOutPanel:1499 - setPackage(No Configuration,No Configuration)
2023-03-14 11:40:27,750 [INFO] PinOutPanel:1499 - setPackage(STM32L4R5ZITx,LQFP144)
2023-03-14 11:40:28,375 [INFO] UtilMem:75 - Before build in PCC Used Memory: 388945584 Bytes (671088640)
2023-03-14 11:40:28,885 [INFO] UtilMem:75 - After build in PCC Used Memory: 493803184 Bytes (671088640)
2023-03-14 11:40:28,936 [INFO] IPUIPlugin:80 - create IPUIPlugin
2023-03-14 11:40:28,936 [INFO] IPUIPlugin:80 - create IPUIPlugin
2023-03-14 11:40:28,937 [INFO] IPUIPlugin:80 - create IPUIPlugin
2023-03-14 11:40:28,937 [INFO] IPUIPlugin:80 - create IPUIPlugin
2023-03-14 11:40:28,937 [INFO] IPUIPlugin:80 - create IPUIPlugin
2023-03-14 11:40:28,937 [INFO] IPUIPlugin:80 - create IPUIPlugin
2023-03-14 11:40:28,938 [INFO] IPUIPlugin:80 - create IPUIPlugin
2023-03-14 11:40:28,938 [INFO] IPUIPlugin:80 - create IPUIPlugin
2023-03-14 11:40:28,938 [INFO] IPUIPlugin:80 - create IPUIPlugin
2023-03-14 11:40:28,938 [INFO] IPUIPlugin:80 - create IPUIPlugin
2023-03-14 11:40:28,938 [INFO] IPUIPlugin:80 - create IPUIPlugin
2023-03-14 11:40:28,939 [INFO] IPUIPlugin:80 - create IPUIPlugin
2023-03-14 11:40:28,939 [INFO] IPUIPlugin:80 - create IPUIPlugin
2023-03-14 11:40:28,939 [INFO] IPUIPlugin:80 - create IPUIPlugin
2023-03-14 11:40:28,939 [INFO] IPUIPlugin:80 - create IPUIPlugin
2023-03-14 11:40:28,939 [INFO] IPUIPlugin:80 - create IPUIPlugin
2023-03-14 11:40:28,940 [INFO] IPUIPlugin:80 - create IPUIPlugin
2023-03-14 11:40:28,940 [INFO] IPUIPlugin:80 - create IPUIPlugin
2023-03-14 11:40:28,940 [INFO] IPUIPlugin:80 - create IPUIPlugin
2023-03-14 11:40:28,940 [INFO] IPUIPlugin:80 - create IPUIPlugin
2023-03-14 11:40:28,941 [INFO] IPUIPlugin:80 - create IPUIPlugin
2023-03-14 11:40:28,941 [INFO] IPUIPlugin:80 - create IPUIPlugin
2023-03-14 11:40:28,941 [INFO] IPUIPlugin:80 - create IPUIPlugin
2023-03-14 11:40:28,942 [INFO] IPUIPlugin:80 - create IPUIPlugin
2023-03-14 11:40:28,942 [INFO] IPUIPlugin:80 - create IPUIPlugin
2023-03-14 11:40:28,942 [INFO] IPUIPlugin:80 - create IPUIPlugin
2023-03-14 11:40:28,943 [INFO] IPUIPlugin:80 - create IPUIPlugin
2023-03-14 11:40:28,943 [INFO] IPUIPlugin:80 - create IPUIPlugin
2023-03-14 11:40:28,943 [INFO] IPUIPlugin:80 - create IPUIPlugin
2023-03-14 11:40:28,944 [INFO] IPUIPlugin:80 - create IPUIPlugin
2023-03-14 11:40:28,944 [INFO] IPUIPlugin:80 - create IPUIPlugin
2023-03-14 11:40:28,945 [INFO] IPUIPlugin:80 - create IPUIPlugin
2023-03-14 11:40:28,945 [INFO] IPUIPlugin:80 - create IPUIPlugin
2023-03-14 11:40:28,945 [INFO] IPUIPlugin:80 - create IPUIPlugin
2023-03-14 11:40:28,946 [INFO] IPUIPlugin:80 - create IPUIPlugin
2023-03-14 11:40:28,946 [INFO] IPUIPlugin:80 - create IPUIPlugin
2023-03-14 11:40:28,947 [INFO] IPUIPlugin:80 - create IPUIPlugin
2023-03-14 11:40:28,947 [INFO] IPUIPlugin:80 - create IPUIPlugin
2023-03-14 11:40:28,947 [INFO] IPUIPlugin:80 - create IPUIPlugin
2023-03-14 11:40:28,948 [INFO] IPUIPlugin:80 - create IPUIPlugin
2023-03-14 11:40:28,948 [INFO] IPUIPlugin:80 - create IPUIPlugin
2023-03-14 11:40:28,949 [INFO] IPUIPlugin:80 - create IPUIPlugin
2023-03-14 11:40:28,950 [INFO] IPUIPlugin:80 - create IPUIPlugin
2023-03-14 11:40:28,950 [INFO] IPUIPlugin:80 - create IPUIPlugin
2023-03-14 11:40:28,951 [INFO] IPUIPlugin:80 - create IPUIPlugin
2023-03-14 11:40:28,951 [INFO] IPUIPlugin:80 - create IPUIPlugin
2023-03-14 11:40:28,952 [INFO] IPUIPlugin:80 - create IPUIPlugin
2023-03-14 11:40:28,953 [INFO] IPUIPlugin:80 - create IPUIPlugin
2023-03-14 11:40:28,954 [INFO] IPUIPlugin:80 - create IPUIPlugin
2023-03-14 11:40:28,955 [INFO] IPUIPlugin:80 - create IPUIPlugin
2023-03-14 11:40:28,955 [INFO] IPUIPlugin:80 - create IPUIPlugin
2023-03-14 11:40:28,956 [INFO] IPUIPlugin:80 - create IPUIPlugin
2023-03-14 11:40:28,956 [INFO] IPUIPlugin:80 - create IPUIPlugin
2023-03-14 11:40:28,957 [INFO] IPUIPlugin:80 - create IPUIPlugin
2023-03-14 11:40:28,957 [INFO] IPUIPlugin:80 - create IPUIPlugin
2023-03-14 11:40:28,958 [INFO] IPUIPlugin:80 - create IPUIPlugin
2023-03-14 11:40:28,958 [INFO] IPUIPlugin:80 - create IPUIPlugin
2023-03-14 11:40:28,958 [INFO] IPUIPlugin:80 - create IPUIPlugin
2023-03-14 11:40:28,959 [INFO] IPUIPlugin:80 - create IPUIPlugin
2023-03-14 11:40:28,959 [INFO] IPUIPlugin:80 - create IPUIPlugin
2023-03-14 11:40:28,960 [INFO] IPUIPlugin:80 - create IPUIPlugin
2023-03-14 11:40:29,001 [INFO] CADModel:165 - CPN selected for project levelSTM32L4R5ZIT6
2023-03-14 11:40:29,004 [INFO] CADModel:114 - Register for checkConnection events
2023-03-14 11:40:29,070 [INFO] OpenFileManager:328 - Restore cursor
2023-03-14 11:40:29,944 [INFO] UtilMem:75 - End SaveConfig() Used Memory: 377005736 Bytes (671088640)
2023-03-14 11:40:30,196 [INFO] UtilMem:75 - End SaveConfig() Used Memory: 407415408 Bytes (671088640)
2023-03-14 11:40:30,653 [INFO] BlockDiagram:2759 - set Specific Code input for plugin: SYS
2023-03-14 11:40:30,654 [INFO] BlockDiagram:2759 - set Specific Code input for plugin: RCC
2023-03-14 11:40:30,654 [INFO] BlockDiagram:2759 - set Specific Code input for plugin: NVIC
2023-03-14 11:40:30,655 [INFO] BlockDiagram:2759 - set Specific Code input for plugin: GPIO
2023-03-14 11:40:30,658 [INFO] CodeGenerator:793 - code generatio: config db path: C:\ST\STM32CubeIDE_1.12.0\STM32CubeIDE\plugins\com.st.stm32cube.common.mx_6.8.0.202302231600\\db\
2023-03-14 11:40:30,984 [INFO] CodeEngine:255 - oldGeneratedFile, C:\Users\fcvaz\Dev\mastering_mcu\fundamentals\x03_Clock\MXTmpFiles\license.tmp_save
2023-03-14 11:40:31,147 [INFO] CodeEngine:279 - Generated code: C:\Users\fcvaz\Dev\mastering_mcu\fundamentals\x03_Clock\MXTmpFiles\license.tmp
2023-03-14 11:40:31,285 [INFO] CodeEngine:255 - oldGeneratedFile, C:\Users\fcvaz\Dev\mastering_mcu\fundamentals\x03_Clock\MXTmpFiles\gpio.tmp_save
2023-03-14 11:40:31,436 [INFO] CodeEngine:279 - Generated code: C:\Users\fcvaz\Dev\mastering_mcu\fundamentals\x03_Clock\MXTmpFiles\gpio.tmp
2023-03-14 11:40:31,561 [INFO] CodeEngine:255 - oldGeneratedFile, C:\Users\fcvaz\Dev\mastering_mcu\fundamentals\x03_Clock\Core\Src\stm32l4xx_it.c_save
2023-03-14 11:40:31,710 [INFO] CodeEngine:279 - Generated code: C:\Users\fcvaz\Dev\mastering_mcu\fundamentals\x03_Clock\Core\Src\stm32l4xx_it.c
2023-03-14 11:40:31,738 [INFO] CodeEngine:255 - oldGeneratedFile, C:\Users\fcvaz\Dev\mastering_mcu\fundamentals\x03_Clock\Core\Inc\stm32l4xx_it.h_save
2023-03-14 11:40:31,851 [INFO] CodeEngine:279 - Generated code: C:\Users\fcvaz\Dev\mastering_mcu\fundamentals\x03_Clock\Core\Inc\stm32l4xx_it.h
2023-03-14 11:40:31,903 [INFO] CodeEngine:255 - oldGeneratedFile, C:\Users\fcvaz\Dev\mastering_mcu\fundamentals\x03_Clock\Core\Src\stm32l4xx_hal_msp.c_save
2023-03-14 11:40:32,032 [INFO] CodeEngine:279 - Generated code: C:\Users\fcvaz\Dev\mastering_mcu\fundamentals\x03_Clock\Core\Src\stm32l4xx_hal_msp.c
2023-03-14 11:40:32,045 [INFO] CodeEngine:255 - oldGeneratedFile, C:\Users\fcvaz\Dev\mastering_mcu\fundamentals\x03_Clock\MXTmpFiles\system.tmp_save
2023-03-14 11:40:32,201 [INFO] CodeEngine:279 - Generated code: C:\Users\fcvaz\Dev\mastering_mcu\fundamentals\x03_Clock\MXTmpFiles\system.tmp
2023-03-14 11:40:32,237 [INFO] CodeEngine:311 - oldGeneratedFile, C:\Users\fcvaz\Dev\mastering_mcu\fundamentals\x03_Clock\Core\Inc\stm32l4xx_hal_conf.h_save
2023-03-14 11:40:32,492 [INFO] CodeEngine:335 - Generated code: C:\Users\fcvaz\Dev\mastering_mcu\fundamentals\x03_Clock\Core\Inc\stm32l4xx_hal_conf.h
2023-03-14 11:40:32,566 [INFO] CodeEngine:255 - oldGeneratedFile, C:\Users\fcvaz\Dev\mastering_mcu\fundamentals\x03_Clock\Core\Inc\main.h_save
2023-03-14 11:40:32,665 [INFO] CodeEngine:279 - Generated code: C:\Users\fcvaz\Dev\mastering_mcu\fundamentals\x03_Clock\Core\Inc\main.h
2023-03-14 11:40:32,676 [INFO] CodeEngine:255 - oldGeneratedFile, C:\Users\fcvaz\Dev\mastering_mcu\fundamentals\x03_Clock\Core\Src\main.c_save
2023-03-14 11:40:32,782 [INFO] CodeEngine:279 - Generated code: C:\Users\fcvaz\Dev\mastering_mcu\fundamentals\x03_Clock\Core\Src\main.c
2023-03-14 11:40:34,322 [INFO] ProjectBuilder:2996 - Time for Copy HAL[1] : 754mS.
2023-03-14 11:40:34,332 [INFO] ProjectBuilder:4304 - Project Generator version: 3.19.2
2023-03-14 11:40:34,788 [INFO] ConfigFileManager:1483 - The Die is : DIE470
2023-03-14 11:40:34,804 [INFO] ApiDbMcu:507 - Load IP Config File for FATFS
2023-03-14 11:40:34,810 [INFO] ApiDbMcu:507 - Load IP Config File for FREERTOS
2023-03-14 11:40:34,827 [INFO] ApiDbMcu:507 - Load IP Config File for TOUCHSENSING
2023-03-14 11:40:34,834 [INFO] ApiDbMcu:507 - Load IP Config File for USB_DEVICE
2023-03-14 11:40:34,839 [INFO] ApiDbMcu:507 - Load IP Config File for USB_HOST
2023-03-14 11:40:38,808 [INFO] ProjectBuilder:4505 - Time for Generating toolchain IDE Files: 4477mS.
2023-03-14 11:40:38,811 [INFO] ProjectBuilder:2867 - Time for Copy CMSIS : 2mS.
2023-03-14 11:40:38,817 [INFO] ProjectBuilder:2867 - Time for Copy CMSIS : 0mS.
2023-03-14 11:40:39,891 [INFO] McuFinderGlobals:66 - Set McuFinderConnectedMode to true
2023-03-14 11:40:39,895 [INFO] ApiDb:448 - Save user favorites file C:\Users\fcvaz/.stm32cubeide/favorites.mcus.txt: 0 item(s)
2023-03-14 11:40:39,896 [INFO] ApiDb:452 - User favorites MCUs=[]
2023-03-14 11:40:39,899 [INFO] ApiDb:448 - Save user favorites file C:\Users\fcvaz/.stm32cubeide/favorites.boards.txt: 0 item(s)
2023-03-14 11:40:39,899 [INFO] ApiDb:452 - User favorites Boards=[]
2023-03-14 13:23:33,051 [INFO] UtilMem:75 - End SaveConfig() Used Memory: 375271832 Bytes (762314752)
2023-03-14 13:23:38,929 [INFO] UtilMem:75 - End SaveConfig() Used Memory: 410554464 Bytes (762314752)
2023-03-14 13:23:44,736 [INFO] UtilMem:75 - End SaveConfig() Used Memory: 461408352 Bytes (762314752)
2023-03-14 13:23:45,541 [INFO] BlockDiagram:2759 - set Specific Code input for plugin: SYS
2023-03-14 13:23:45,542 [INFO] BlockDiagram:2759 - set Specific Code input for plugin: RCC
2023-03-14 13:23:45,542 [INFO] BlockDiagram:2759 - set Specific Code input for plugin: NVIC
2023-03-14 13:23:45,542 [INFO] BlockDiagram:2759 - set Specific Code input for plugin: GPIO
2023-03-14 13:23:45,546 [INFO] CodeGenerator:793 - code generatio: config db path: C:\ST\STM32CubeIDE_1.12.0\STM32CubeIDE\plugins\com.st.stm32cube.common.mx_6.8.0.202302231600\\db\
2023-03-14 13:23:45,923 [INFO] CodeEngine:255 - oldGeneratedFile, C:\Users\fcvaz\Dev\mastering_mcu\fundamentals\x03_Clock\MXTmpFiles\license.tmp_save
2023-03-14 13:23:46,082 [INFO] CodeEngine:279 - Generated code: C:\Users\fcvaz\Dev\mastering_mcu\fundamentals\x03_Clock\MXTmpFiles\license.tmp
2023-03-14 13:23:46,171 [INFO] CodeEngine:255 - oldGeneratedFile, C:\Users\fcvaz\Dev\mastering_mcu\fundamentals\x03_Clock\MXTmpFiles\gpio.tmp_save
2023-03-14 13:23:46,285 [INFO] CodeEngine:279 - Generated code: C:\Users\fcvaz\Dev\mastering_mcu\fundamentals\x03_Clock\MXTmpFiles\gpio.tmp
2023-03-14 13:23:46,417 [INFO] CodeEngine:255 - oldGeneratedFile, C:\Users\fcvaz\Dev\mastering_mcu\fundamentals\x03_Clock\Core\Src\stm32l4xx_it.c_save
2023-03-14 13:23:46,739 [INFO] CodeEngine:279 - Generated code: C:\Users\fcvaz\Dev\mastering_mcu\fundamentals\x03_Clock\Core\Src\stm32l4xx_it.c
2023-03-14 13:23:46,772 [INFO] CodeEngine:255 - oldGeneratedFile, C:\Users\fcvaz\Dev\mastering_mcu\fundamentals\x03_Clock\Core\Inc\stm32l4xx_it.h_save
2023-03-14 13:23:46,888 [INFO] CodeEngine:279 - Generated code: C:\Users\fcvaz\Dev\mastering_mcu\fundamentals\x03_Clock\Core\Inc\stm32l4xx_it.h
2023-03-14 13:23:46,943 [INFO] CodeEngine:255 - oldGeneratedFile, C:\Users\fcvaz\Dev\mastering_mcu\fundamentals\x03_Clock\Core\Src\stm32l4xx_hal_msp.c_save
2023-03-14 13:23:47,078 [INFO] CodeEngine:279 - Generated code: C:\Users\fcvaz\Dev\mastering_mcu\fundamentals\x03_Clock\Core\Src\stm32l4xx_hal_msp.c
2023-03-14 13:23:47,109 [INFO] CodeEngine:255 - oldGeneratedFile, C:\Users\fcvaz\Dev\mastering_mcu\fundamentals\x03_Clock\MXTmpFiles\system.tmp_save
2023-03-14 13:23:47,179 [INFO] CodeEngine:279 - Generated code: C:\Users\fcvaz\Dev\mastering_mcu\fundamentals\x03_Clock\MXTmpFiles\system.tmp
2023-03-14 13:23:47,204 [INFO] CodeEngine:311 - oldGeneratedFile, C:\Users\fcvaz\Dev\mastering_mcu\fundamentals\x03_Clock\Core\Inc\stm32l4xx_hal_conf.h_save
2023-03-14 13:23:47,282 [INFO] CodeEngine:335 - Generated code: C:\Users\fcvaz\Dev\mastering_mcu\fundamentals\x03_Clock\Core\Inc\stm32l4xx_hal_conf.h
2023-03-14 13:23:47,614 [INFO] CodeEngine:255 - oldGeneratedFile, C:\Users\fcvaz\Dev\mastering_mcu\fundamentals\x03_Clock\Core\Inc\main.h_save
2023-03-14 13:23:47,716 [INFO] CodeEngine:279 - Generated code: C:\Users\fcvaz\Dev\mastering_mcu\fundamentals\x03_Clock\Core\Inc\main.h
2023-03-14 13:23:47,734 [INFO] CodeEngine:255 - oldGeneratedFile, C:\Users\fcvaz\Dev\mastering_mcu\fundamentals\x03_Clock\Core\Src\main.c_save
2023-03-14 13:23:47,887 [INFO] CodeEngine:279 - Generated code: C:\Users\fcvaz\Dev\mastering_mcu\fundamentals\x03_Clock\Core\Src\main.c
2023-03-14 13:23:50,500 [INFO] ProjectBuilder:2996 - Time for Copy HAL[1] : 573mS.
2023-03-14 13:23:50,513 [INFO] ProjectBuilder:4304 - Project Generator version: 3.19.2
2023-03-14 13:23:50,744 [INFO] ConfigFileManager:1483 - The Die is : DIE470
2023-03-14 13:23:53,094 [INFO] ProjectBuilder:4505 - Time for Generating toolchain IDE Files: 2581mS.
2023-03-14 13:23:53,117 [INFO] ProjectBuilder:2867 - Time for Copy CMSIS : 2mS.
2023-03-14 13:23:53,125 [INFO] ProjectBuilder:2867 - Time for Copy CMSIS : 1mS.
2023-03-14 13:24:16,556 [INFO] MainUpdater:2854 - connection check result : 10
2023-03-14 13:24:16,729 [INFO] McuFinderGlobals:66 - Set McuFinderConnectedMode to true
2023-03-14 13:24:16,730 [INFO] MultiScanPanel:200 - Auto-refresh data requested => check proxy status ongoing
2023-03-14 13:24:16,731 [INFO] FinderPluginLoader:95 - Searching for filters in installed packs
2023-03-14 13:24:17,651 [INFO] LoadUrlFilesThread:185 - End of LoadServerUrlFiles without Thread
2023-03-14 13:24:17,651 [INFO] DetailPanel:341 - Set advertising image to C:/Users/fcvaz/STM32Cube/Repository/\en.prom-stm32h5-mcu-finder.jpg
2023-03-14 13:24:20,739 [INFO] MultiScanPanel:200 - Auto-refresh data requested => check proxy status ongoing
2023-03-14 13:24:20,794 [INFO] LoadUrlFilesThread:185 - End of LoadServerUrlFiles without Thread
2023-03-14 13:24:20,795 [INFO] DetailPanel:341 - Set advertising image to C:/Users/fcvaz/STM32Cube/Repository/\en.prom-stm32h5-mcu-finder.jpg
2023-03-14 13:25:17,580 [INFO] McuFinderGlobals:66 - Set McuFinderConnectedMode to true
2023-03-14 13:25:17,586 [INFO] ApiDb:448 - Save user favorites file C:\Users\fcvaz/.stm32cubeide/favorites.mcus.txt: 0 item(s)
2023-03-14 13:25:17,587 [INFO] ApiDb:452 - User favorites MCUs=[]
2023-03-14 13:25:17,590 [INFO] ApiDb:448 - Save user favorites file C:\Users\fcvaz/.stm32cubeide/favorites.boards.txt: 0 item(s)
2023-03-14 13:25:17,590 [INFO] ApiDb:452 - User favorites Boards=[]
2023-03-14 14:59:57,290 [INFO] MainUpdater:2854 - connection check result : 10
2023-03-14 14:59:57,569 [INFO] McuFinderGlobals:66 - Set McuFinderConnectedMode to true
2023-03-14 14:59:57,608 [INFO] MultiScanPanel:200 - Auto-refresh data requested => check proxy status ongoing
2023-03-14 14:59:57,660 [INFO] FinderPluginLoader:95 - Searching for filters in installed packs
2023-03-14 14:59:58,972 [INFO] LoadUrlFilesThread:185 - End of LoadServerUrlFiles without Thread
2023-03-14 14:59:58,973 [INFO] DetailPanel:341 - Set advertising image to C:/Users/fcvaz/STM32Cube/Repository/\en.prom-stm32h5-mcu-finder.jpg
2023-03-14 15:00:09,644 [INFO] MultiScanPanel:200 - Auto-refresh data requested => check proxy status ongoing
2023-03-14 15:00:09,709 [INFO] LoadUrlFilesThread:185 - End of LoadServerUrlFiles without Thread
2023-03-14 15:00:09,709 [INFO] DetailPanel:341 - Set advertising image to C:/Users/fcvaz/STM32Cube/Repository/\en.prom-stm32h5-mcu-finder.jpg
2023-03-14 15:00:56,019 [INFO] McuFinderGlobals:66 - Set McuFinderConnectedMode to true
2023-03-14 15:00:56,023 [INFO] ApiDb:448 - Save user favorites file C:\Users\fcvaz/.stm32cubeide/favorites.mcus.txt: 0 item(s)
2023-03-14 15:00:56,023 [INFO] ApiDb:452 - User favorites MCUs=[]
2023-03-14 15:00:56,026 [INFO] ApiDb:448 - Save user favorites file C:\Users\fcvaz/.stm32cubeide/favorites.boards.txt: 0 item(s)
2023-03-14 15:00:56,026 [INFO] ApiDb:452 - User favorites Boards=[]
2023-03-14 17:32:14,539 [INFO] MainUpdater:2854 - connection check result : 10
2023-03-14 17:32:14,833 [INFO] McuFinderGlobals:66 - Set McuFinderConnectedMode to true
2023-03-14 17:32:14,851 [INFO] MultiScanPanel:200 - Auto-refresh data requested => check proxy status ongoing
2023-03-14 17:32:14,856 [INFO] FinderPluginLoader:95 - Searching for filters in installed packs
2023-03-14 17:32:15,947 [INFO] LoadUrlFilesThread:185 - End of LoadServerUrlFiles without Thread
2023-03-14 17:32:15,949 [INFO] DetailPanel:341 - Set advertising image to C:/Users/fcvaz/STM32Cube/Repository/\en.prom-stm32h5-mcu-finder.jpg
2023-03-14 17:32:27,541 [INFO] MultiScanPanel:200 - Auto-refresh data requested => check proxy status ongoing
2023-03-14 17:32:27,593 [INFO] LoadUrlFilesThread:185 - End of LoadServerUrlFiles without Thread
2023-03-14 17:32:27,593 [INFO] DetailPanel:341 - Set advertising image to C:/Users/fcvaz/STM32Cube/Repository/\en.prom-stm32h5-mcu-finder.jpg
2023-03-14 17:33:13,573 [INFO] McuFinderGlobals:66 - Set McuFinderConnectedMode to true
2023-03-14 17:33:13,582 [INFO] ApiDb:448 - Save user favorites file C:\Users\fcvaz/.stm32cubeide/favorites.mcus.txt: 0 item(s)
2023-03-14 17:33:13,583 [INFO] ApiDb:452 - User favorites MCUs=[]
2023-03-14 17:33:13,600 [INFO] ApiDb:448 - Save user favorites file C:\Users\fcvaz/.stm32cubeide/favorites.boards.txt: 0 item(s)
2023-03-14 17:33:13,600 [INFO] ApiDb:452 - User favorites Boards=[]
2023-03-14 18:54:41,782 [INFO] MainUpdater:2854 - connection check result : 10
2023-03-14 18:54:42,133 [INFO] McuFinderGlobals:66 - Set McuFinderConnectedMode to true
2023-03-14 18:54:42,157 [INFO] MultiScanPanel:200 - Auto-refresh data requested => check proxy status ongoing
2023-03-14 18:54:42,166 [INFO] FinderPluginLoader:95 - Searching for filters in installed packs
2023-03-14 18:54:43,305 [INFO] LoadUrlFilesThread:185 - End of LoadServerUrlFiles without Thread
2023-03-14 18:54:43,306 [INFO] DetailPanel:341 - Set advertising image to C:/Users/fcvaz/STM32Cube/Repository/\en.prom-stm32h5-mcu-finder.jpg
2023-03-14 18:54:48,513 [INFO] MultiScanPanel:200 - Auto-refresh data requested => check proxy status ongoing
2023-03-14 18:54:48,559 [INFO] LoadUrlFilesThread:185 - End of LoadServerUrlFiles without Thread
2023-03-14 18:54:48,559 [INFO] DetailPanel:341 - Set advertising image to C:/Users/fcvaz/STM32Cube/Repository/\en.prom-stm32h5-mcu-finder.jpg
2023-03-14 18:55:25,602 [INFO] McuFinderGlobals:66 - Set McuFinderConnectedMode to true
2023-03-14 18:55:25,605 [INFO] ApiDb:448 - Save user favorites file C:\Users\fcvaz/.stm32cubeide/favorites.mcus.txt: 0 item(s)
2023-03-14 18:55:25,605 [INFO] ApiDb:452 - User favorites MCUs=[]
2023-03-14 18:55:25,607 [INFO] ApiDb:448 - Save user favorites file C:\Users\fcvaz/.stm32cubeide/favorites.boards.txt: 0 item(s)
2023-03-14 18:55:25,608 [INFO] ApiDb:452 - User favorites Boards=[]
2023-03-14 19:01:14,676 [INFO] MainUpdater:2854 - connection check result : 10
2023-03-14 19:01:14,830 [INFO] McuFinderGlobals:66 - Set McuFinderConnectedMode to true
2023-03-14 19:01:14,831 [INFO] MultiScanPanel:200 - Auto-refresh data requested => check proxy status ongoing
2023-03-14 19:01:14,831 [INFO] FinderPluginLoader:95 - Searching for filters in installed packs
2023-03-14 19:01:15,588 [INFO] LoadUrlFilesThread:185 - End of LoadServerUrlFiles without Thread
2023-03-14 19:01:15,589 [INFO] DetailPanel:341 - Set advertising image to C:/Users/fcvaz/STM32Cube/Repository/\en.prom-stm32h5-mcu-finder.jpg
2023-03-14 19:01:18,628 [INFO] MultiScanPanel:200 - Auto-refresh data requested => check proxy status ongoing
2023-03-14 19:01:18,672 [INFO] LoadUrlFilesThread:185 - End of LoadServerUrlFiles without Thread
2023-03-14 19:01:18,672 [INFO] DetailPanel:341 - Set advertising image to C:/Users/fcvaz/STM32Cube/Repository/\en.prom-stm32h5-mcu-finder.jpg
2023-03-14 19:01:50,484 [INFO] McuFinderGlobals:66 - Set McuFinderConnectedMode to true
2023-03-14 19:01:50,487 [INFO] ApiDb:448 - Save user favorites file C:\Users\fcvaz/.stm32cubeide/favorites.mcus.txt: 0 item(s)
2023-03-14 19:01:50,487 [INFO] ApiDb:452 - User favorites MCUs=[]
2023-03-14 19:01:50,489 [INFO] ApiDb:448 - Save user favorites file C:\Users\fcvaz/.stm32cubeide/favorites.boards.txt: 0 item(s)
2023-03-14 19:01:50,489 [INFO] ApiDb:452 - User favorites Boards=[]
